2020-06-04 11:27:54 [127.0.0.1][-][0eniqvdsrl2l3fopgm3e78bd965vjser][error][yii\db\Exception] PDOException: SQLSTATE[HY000] [1045] Access denied for user 'root'@'localhost' (using password: YES) in E:\OSPanel\domains\localhost\bank-klient\basic\_protected\vendor\yiisoft\yii2\db\Connection.php:705
Stack trace:
#0 E:\OSPanel\domains\localhost\bank-klient\basic\_protected\vendor\yiisoft\yii2\db\Connection.php(705): PDO->__construct('mysql:host=loca...', 'root', 'root', NULL)
#1 E:\OSPanel\domains\localhost\bank-klient\basic\_protected\vendor\yiisoft\yii2\db\Connection.php(626): yii\db\Connection->createPdoInstance()
#2 E:\OSPanel\domains\localhost\bank-klient\basic\_protected\vendor\yiisoft\yii2\db\Connection.php(1022): yii\db\Connection->open()
#3 E:\OSPanel\domains\localhost\bank-klient\basic\_protected\vendor\yiisoft\yii2\db\Connection.php(1009): yii\db\Connection->getMasterPdo()
#4 E:\OSPanel\domains\localhost\bank-klient\basic\_protected\vendor\yiisoft\yii2\db\mysql\QueryBuilder.php(406): yii\db\Connection->getSlavePdo()
#5 E:\OSPanel\domains\localhost\bank-klient\basic\_protected\vendor\yiisoft\yii2\db\mysql\QueryBuilder.php(430): yii\db\mysql\QueryBuilder->supportsFractionalSeconds()
#6 E:\OSPanel\domains\localhost\bank-klient\basic\_protected\vendor\yiisoft\yii2\db\mysql\QueryBuilder.php(59): yii\db\mysql\QueryBuilder->defaultTimeTypeMap()
#7 E:\OSPanel\domains\localhost\bank-klient\basic\_protected\vendor\yiisoft\yii2\base\BaseObject.php(109): yii\db\mysql\QueryBuilder->init()
#8 E:\OSPanel\domains\localhost\bank-klient\basic\_protected\vendor\yiisoft\yii2\db\QueryBuilder.php(116): yii\base\BaseObject->__construct(Array)
#9 E:\OSPanel\domains\localhost\bank-klient\basic\_protected\vendor\yiisoft\yii2\db\mysql\Schema.php(217): yii\db\QueryBuilder->__construct(Object(yii\db\Connection))
#10 E:\OSPanel\domains\localhost\bank-klient\basic\_protected\vendor\yiisoft\yii2\db\Schema.php(248): yii\db\mysql\Schema->createQueryBuilder()
#11 E:\OSPanel\domains\localhost\bank-klient\basic\_protected\vendor\yiisoft\yii2\db\Connection.php(856): yii\db\Schema->getQueryBuilder()
#12 E:\OSPanel\domains\localhost\bank-klient\basic\_protected\vendor\yiisoft\yii2\db\ActiveQuery.php(328): yii\db\Connection->getQueryBuilder()
#13 E:\OSPanel\domains\localhost\bank-klient\basic\_protected\vendor\yiisoft\yii2\db\Query.php(440): yii\db\ActiveQuery->createCommand(Object(yii\db\Connection))
#14 E:\OSPanel\domains\localhost\bank-klient\basic\_protected\vendor\yiisoft\yii2\validators\UniqueValidator.php(187): yii\db\Query->exists()
#15 E:\OSPanel\domains\localhost\bank-klient\basic\_protected\vendor\yiisoft\yii2\validators\UniqueValidator.php(145): yii\validators\UniqueValidator->modelExists('\\app\\models\\Use...', Array, Object(app\models\SignupForm))
#16 [internal function]: yii\validators\UniqueValidator->yii\validators\{closure}(Object(yii\db\Connection))
#17 E:\OSPanel\domains\localhost\bank-klient\basic\_protected\vendor\yiisoft\yii2\db\Connection.php(1085): call_user_func(Object(Closure), Object(yii\db\Connection))
#18 E:\OSPanel\domains\localhost\bank-klient\basic\_protected\vendor\yiisoft\yii2\validators\UniqueValidator.php(146): yii\db\Connection->useMaster(Object(Closure))
#19 E:\OSPanel\domains\localhost\bank-klient\basic\_protected\vendor\yiisoft\yii2\validators\Validator.php(257): yii\validators\UniqueValidator->validateAttribute(Object(app\models\SignupForm), 'username')
#20 E:\OSPanel\domains\localhost\bank-klient\basic\_protected\vendor\yiisoft\yii2\base\Model.php(367): yii\validators\Validator->validateAttributes(Object(app\models\SignupForm), Array)
#21 E:\OSPanel\domains\localhost\bank-klient\basic\_protected\controllers\SiteController.php(260): yii\base\Model->validate()
#22 [internal function]: app\controllers\SiteController->actionSignup()
#23 E:\OSPanel\domains\localhost\bank-klient\basic\_protected\vendor\yiisoft\yii2\base\InlineAction.php(57): call_user_func_array(Array, Array)
#24 E:\OSPanel\domains\localhost\bank-klient\basic\_protected\vendor\yiisoft\yii2\base\Controller.php(157): yii\base\InlineAction->runWithParams(Array)
#25 E:\OSPanel\domains\localhost\bank-klient\basic\_protected\vendor\yiisoft\yii2\base\Module.php(528): yii\base\Controller->runAction('signup', Array)
#26 E:\OSPanel\domains\localhost\bank-klient\basic\_protected\vendor\yiisoft\yii2\web\Application.php(103): yii\base\Module->runAction('site/signup', Array)
#27 E:\OSPanel\domains\localhost\bank-klient\basic\_protected\vendor\yiisoft\yii2\base\Application.php(386): yii\web\Application->handleRequest(Object(yii\web\Request))
#28 E:\OSPanel\domains\localhost\bank-klient\basic\index.php(12): yii\base\Application->run()
#29 {main}

Next yii\db\Exception: SQLSTATE[HY000] [1045] Access denied for user 'root'@'localhost' (using password: YES) in E:\OSPanel\domains\localhost\bank-klient\basic\_protected\vendor\yiisoft\yii2\db\Connection.php:637
Stack trace:
#0 E:\OSPanel\domains\localhost\bank-klient\basic\_protected\vendor\yiisoft\yii2\db\Connection.php(1022): yii\db\Connection->open()
#1 E:\OSPanel\domains\localhost\bank-klient\basic\_protected\vendor\yiisoft\yii2\db\Connection.php(1009): yii\db\Connection->getMasterPdo()
#2 E:\OSPanel\domains\localhost\bank-klient\basic\_protected\vendor\yiisoft\yii2\db\mysql\QueryBuilder.php(406): yii\db\Connection->getSlavePdo()
#3 E:\OSPanel\domains\localhost\bank-klient\basic\_protected\vendor\yiisoft\yii2\db\mysql\QueryBuilder.php(430): yii\db\mysql\QueryBuilder->supportsFractionalSeconds()
#4 E:\OSPanel\domains\localhost\bank-klient\basic\_protected\vendor\yiisoft\yii2\db\mysql\QueryBuilder.php(59): yii\db\mysql\QueryBuilder->defaultTimeTypeMap()
#5 E:\OSPanel\domains\localhost\bank-klient\basic\_protected\vendor\yiisoft\yii2\base\BaseObject.php(109): yii\db\mysql\QueryBuilder->init()
#6 E:\OSPanel\domains\localhost\bank-klient\basic\_protected\vendor\yiisoft\yii2\db\QueryBuilder.php(116): yii\base\BaseObject->__construct(Array)
#7 E:\OSPanel\domains\localhost\bank-klient\basic\_protected\vendor\yiisoft\yii2\db\mysql\Schema.php(217): yii\db\QueryBuilder->__construct(Object(yii\db\Connection))
#8 E:\OSPanel\domains\localhost\bank-klient\basic\_protected\vendor\yiisoft\yii2\db\Schema.php(248): yii\db\mysql\Schema->createQueryBuilder()
#9 E:\OSPanel\domains\localhost\bank-klient\basic\_protected\vendor\yiisoft\yii2\db\Connection.php(856): yii\db\Schema->getQueryBuilder()
#10 E:\OSPanel\domains\localhost\bank-klient\basic\_protected\vendor\yiisoft\yii2\db\ActiveQuery.php(328): yii\db\Connection->getQueryBuilder()
#11 E:\OSPanel\domains\localhost\bank-klient\basic\_protected\vendor\yiisoft\yii2\db\Query.php(440): yii\db\ActiveQuery->createCommand(Object(yii\db\Connection))
#12 E:\OSPanel\domains\localhost\bank-klient\basic\_protected\vendor\yiisoft\yii2\validators\UniqueValidator.php(187): yii\db\Query->exists()
#13 E:\OSPanel\domains\localhost\bank-klient\basic\_protected\vendor\yiisoft\yii2\validators\UniqueValidator.php(145): yii\validators\UniqueValidator->modelExists('\\app\\models\\Use...', Array, Object(app\models\SignupForm))
#14 [internal function]: yii\validators\UniqueValidator->yii\validators\{closure}(Object(yii\db\Connection))
#15 E:\OSPanel\domains\localhost\bank-klient\basic\_protected\vendor\yiisoft\yii2\db\Connection.php(1085): call_user_func(Object(Closure), Object(yii\db\Connection))
#16 E:\OSPanel\domains\localhost\bank-klient\basic\_protected\vendor\yiisoft\yii2\validators\UniqueValidator.php(146): yii\db\Connection->useMaster(Object(Closure))
#17 E:\OSPanel\domains\localhost\bank-klient\basic\_protected\vendor\yiisoft\yii2\validators\Validator.php(257): yii\validators\UniqueValidator->validateAttribute(Object(app\models\SignupForm), 'username')
#18 E:\OSPanel\domains\localhost\bank-klient\basic\_protected\vendor\yiisoft\yii2\base\Model.php(367): yii\validators\Validator->validateAttributes(Object(app\models\SignupForm), Array)
#19 E:\OSPanel\domains\localhost\bank-klient\basic\_protected\controllers\SiteController.php(260): yii\base\Model->validate()
#20 [internal function]: app\controllers\SiteController->actionSignup()
#21 E:\OSPanel\domains\localhost\bank-klient\basic\_protected\vendor\yiisoft\yii2\base\InlineAction.php(57): call_user_func_array(Array, Array)
#22 E:\OSPanel\domains\localhost\bank-klient\basic\_protected\vendor\yiisoft\yii2\base\Controller.php(157): yii\base\InlineAction->runWithParams(Array)
#23 E:\OSPanel\domains\localhost\bank-klient\basic\_protected\vendor\yiisoft\yii2\base\Module.php(528): yii\base\Controller->runAction('signup', Array)
#24 E:\OSPanel\domains\localhost\bank-klient\basic\_protected\vendor\yiisoft\yii2\web\Application.php(103): yii\base\Module->runAction('site/signup', Array)
#25 E:\OSPanel\domains\localhost\bank-klient\basic\_protected\vendor\yiisoft\yii2\base\Application.php(386): yii\web\Application->handleRequest(Object(yii\web\Request))
#26 E:\OSPanel\domains\localhost\bank-klient\basic\index.php(12): yii\base\Application->run()
#27 {main}
Additional Information:

2020-06-04 11:27:53 [127.0.0.1][-][0eniqvdsrl2l3fopgm3e78bd965vjser][info][application] $_GET = []

$_POST = [
    '_csrf' => 'RS82He-2kjw5OsTNKcSmOrOq_Ud4JhFFP0eptmcrCrN3QXtK19n0C15w85dakfZ25uaYAhtpVxQNdsjQVXtZhg=='
    'SignupForm' => [
        'username' => 'dfgdf'
        'email' => 'dfgdf@dsfsd.sdfs'
        'password' => 'dfgdf1324545'
    ]
    'signup-button' => ''
]

$_FILES = []

$_COOKIE = [
    'PHPSESSID' => '0eniqvdsrl2l3fopgm3e78bd965vjser'
    '_csrf' => '22a427debb21aee3cf79f8bd4c41336ede1d02da54d8167d0e7338ebec260a8da:2:{i:0;s:5:\"_csrf\";i:1;s:32:\"2nMW8of7gJ7ZsUPLULeEcOFQ21af2PS5\";}'
]

$_SESSION = [
    '__flash' => []
    '__captcha/site/captcha' => 'moyjyim'
    '__captcha/site/captchacount' => 1
]

$_SERVER = [
    'REDIRECT_STATUS' => '200'
    'HTTP_HOST' => 'bank-klient'
    'HTTP_CONNECTION' => 'keep-alive'
    'CONTENT_LENGTH' => '223'
    'HTTP_CACHE_CONTROL' => 'max-age=0'
    'HTTP_UPGRADE_INSECURE_REQUESTS' => '1'
    'HTTP_ORIGIN' => 'http://bank-klient'
    'CONTENT_TYPE' => 'application/x-www-form-urlencoded'
    'HTTP_USER_AGENT' => 'Mozilla/5.0 (Windows NT 10.0; Win64; x64) AppleWebKit/537.36 (KHTML, like Gecko) Chrome/83.0.4103.97 Safari/537.36'
    'HTTP_ACCEPT' => 'text/html,application/xhtml+xml,application/xml;q=0.9,image/webp,image/apng,*/*;q=0.8,application/signed-exchange;v=b3;q=0.9'
    'HTTP_REFERER' => 'http://bank-klient/signup'
    'HTTP_ACCEPT_ENCODING' => 'gzip, deflate'
    'HTTP_ACCEPT_LANGUAGE' => 'ru-RU,ru;q=0.9,en-US;q=0.8,en;q=0.7'
    'HTTP_COOKIE' => 'PHPSESSID=0eniqvdsrl2l3fopgm3e78bd965vjser; _csrf=22a427debb21aee3cf79f8bd4c41336ede1d02da54d8167d0e7338ebec260a8da%3A2%3A%7Bi%3A0%3Bs%3A5%3A%22_csrf%22%3Bi%3A1%3Bs%3A32%3A%222nMW8of7gJ7ZsUPLULeEcOFQ21af2PS5%22%3B%7D'
    'PATH' => 'e:\\ospanel\\modules\\php\\PHP_7.2-x64\\ext;e:\\ospanel\\modules\\php\\PHP_7.2-x64\\pear;e:\\ospanel\\modules\\php\\PHP_7.2-x64\\pear\\bin;e:\\ospanel\\modules\\php\\PHP_7.2-x64;e:\\ospanel\\modules\\wget\\bin;e:\\ospanel\\modules\\database\\MariaDB-10.3-x64\\bin;e:\\ospanel\\modules\\http\\Apache_2.4-PHP_7.2-7.3-x64\\bin;e:\\ospanel\\modules\\http\\Apache_2.4-PHP_7.2-7.3-x64;C:\\Windows\\system32;C:\\Windows;C:\\Windows\\system32\\Wbem;C:\\Windows\\SysWOW64'
    'SystemRoot' => 'C:\\Windows'
    'COMSPEC' => 'C:\\Windows\\system32\\cmd.exe'
    'PATHEXT' => '.COM;.EXE;.BAT;.CMD;.VBS;.VBE;.JS;.JSE;.WSF;.WSH;.MSC'
    'WINDIR' => 'C:\\Windows'
    'SERVER_SIGNATURE' => ''
    'SERVER_SOFTWARE' => 'Apache'
    'SERVER_NAME' => 'bank-klient'
    'SERVER_ADDR' => '127.0.0.1'
    'SERVER_PORT' => '80'
    'REMOTE_ADDR' => '127.0.0.1'
    'DOCUMENT_ROOT' => 'E:/OSPanel/domains/localhost/bank-klient/basic'
    'REQUEST_SCHEME' => 'http'
    'CONTEXT_PREFIX' => ''
    'CONTEXT_DOCUMENT_ROOT' => 'E:/OSPanel/domains/localhost/bank-klient/basic'
    'SERVER_ADMIN' => '[no address given]'
    'SCRIPT_FILENAME' => 'E:/OSPanel/domains/localhost/bank-klient/basic/index.php'
    'REMOTE_PORT' => '63945'
    'REDIRECT_URL' => '/signup'
    'GATEWAY_INTERFACE' => 'CGI/1.1'
    'SERVER_PROTOCOL' => 'HTTP/1.1'
    'REQUEST_METHOD' => 'POST'
    'QUERY_STRING' => ''
    'REQUEST_URI' => '/signup'
    'SCRIPT_NAME' => '/index.php'
    'PHP_SELF' => '/index.php'
    'REQUEST_TIME_FLOAT' => 1591259273.947
    'REQUEST_TIME' => 1591259273
    'argv' => []
    'argc' => 0
]
2020-06-04 13:39:21 [127.0.0.1][1][pbf6kik5942fmdque0gfh39ieemmdb9u][error][ArgumentCountError] ArgumentCountError: Too few arguments to function Faker\Provider\Base::__construct(), 0 passed in E:\OSPanel\domains\localhost\bank-klient\basic\_protected\controllers\SiteController.php on line 92 and exactly 1 expected in E:\OSPanel\domains\localhost\bank-klient\basic\_protected\vendor\fzaninotto\faker\src\Faker\Provider\Base.php:25
Stack trace:
#0 E:\OSPanel\domains\localhost\bank-klient\basic\_protected\controllers\SiteController.php(92): Faker\Provider\Base->__construct()
#1 [internal function]: app\controllers\SiteController->actionIndex()
#2 E:\OSPanel\domains\localhost\bank-klient\basic\_protected\vendor\yiisoft\yii2\base\InlineAction.php(57): call_user_func_array(Array, Array)
#3 E:\OSPanel\domains\localhost\bank-klient\basic\_protected\vendor\yiisoft\yii2\base\Controller.php(157): yii\base\InlineAction->runWithParams(Array)
#4 E:\OSPanel\domains\localhost\bank-klient\basic\_protected\vendor\yiisoft\yii2\base\Module.php(528): yii\base\Controller->runAction('', Array)
#5 E:\OSPanel\domains\localhost\bank-klient\basic\_protected\vendor\yiisoft\yii2\web\Application.php(103): yii\base\Module->runAction('', Array)
#6 E:\OSPanel\domains\localhost\bank-klient\basic\_protected\vendor\yiisoft\yii2\base\Application.php(386): yii\web\Application->handleRequest(Object(yii\web\Request))
#7 E:\OSPanel\domains\localhost\bank-klient\basic\index.php(12): yii\base\Application->run()
#8 {main}
2020-06-04 13:39:20 [127.0.0.1][1][pbf6kik5942fmdque0gfh39ieemmdb9u][info][application] $_GET = []

$_POST = []

$_FILES = []

$_COOKIE = [
    'PHPSESSID' => 'pbf6kik5942fmdque0gfh39ieemmdb9u'
    '_csrf' => 'f412798c13e7447237468010b99fc791cfaad6504db8716c44e713a48df5e50ea:2:{i:0;s:5:\"_csrf\";i:1;s:32:\"WOGC2vuPtXIw7W1uB1GALT9lpbPLVVag\";}'
]

$_SESSION = [
    '__flash' => []
    '__captcha/site/captcha' => 'moyjyim'
    '__captcha/site/captchacount' => 1
    '__id' => 1
]

$_SERVER = [
    'HTTP_HOST' => 'bank-klient'
    'HTTP_CONNECTION' => 'keep-alive'
    'HTTP_UPGRADE_INSECURE_REQUESTS' => '1'
    'HTTP_USER_AGENT' => 'Mozilla/5.0 (Windows NT 10.0; Win64; x64) AppleWebKit/537.36 (KHTML, like Gecko) Chrome/83.0.4103.97 Safari/537.36'
    'HTTP_ACCEPT' => 'text/html,application/xhtml+xml,application/xml;q=0.9,image/webp,image/apng,*/*;q=0.8,application/signed-exchange;v=b3;q=0.9'
    'HTTP_REFERER' => 'http://bank-klient/gii/model'
    'HTTP_ACCEPT_ENCODING' => 'gzip, deflate'
    'HTTP_ACCEPT_LANGUAGE' => 'ru-RU,ru;q=0.9,en-US;q=0.8,en;q=0.7'
    'HTTP_COOKIE' => 'PHPSESSID=pbf6kik5942fmdque0gfh39ieemmdb9u; _csrf=f412798c13e7447237468010b99fc791cfaad6504db8716c44e713a48df5e50ea%3A2%3A%7Bi%3A0%3Bs%3A5%3A%22_csrf%22%3Bi%3A1%3Bs%3A32%3A%22WOGC2vuPtXIw7W1uB1GALT9lpbPLVVag%22%3B%7D'
    'PATH' => 'e:\\ospanel\\modules\\php\\PHP_7.2-x64\\ext;e:\\ospanel\\modules\\php\\PHP_7.2-x64\\pear;e:\\ospanel\\modules\\php\\PHP_7.2-x64\\pear\\bin;e:\\ospanel\\modules\\php\\PHP_7.2-x64;e:\\ospanel\\modules\\wget\\bin;e:\\ospanel\\modules\\database\\MariaDB-10.3-x64\\bin;e:\\ospanel\\modules\\http\\Apache_2.4-PHP_7.2-7.3-x64\\bin;e:\\ospanel\\modules\\http\\Apache_2.4-PHP_7.2-7.3-x64;C:\\Windows\\system32;C:\\Windows;C:\\Windows\\system32\\Wbem;C:\\Windows\\SysWOW64'
    'SystemRoot' => 'C:\\Windows'
    'COMSPEC' => 'C:\\Windows\\system32\\cmd.exe'
    'PATHEXT' => '.COM;.EXE;.BAT;.CMD;.VBS;.VBE;.JS;.JSE;.WSF;.WSH;.MSC'
    'WINDIR' => 'C:\\Windows'
    'SERVER_SIGNATURE' => ''
    'SERVER_SOFTWARE' => 'Apache'
    'SERVER_NAME' => 'bank-klient'
    'SERVER_ADDR' => '127.0.0.1'
    'SERVER_PORT' => '80'
    'REMOTE_ADDR' => '127.0.0.1'
    'DOCUMENT_ROOT' => 'E:/OSPanel/domains/localhost/bank-klient/basic'
    'REQUEST_SCHEME' => 'http'
    'CONTEXT_PREFIX' => ''
    'CONTEXT_DOCUMENT_ROOT' => 'E:/OSPanel/domains/localhost/bank-klient/basic'
    'SERVER_ADMIN' => '[no address given]'
    'SCRIPT_FILENAME' => 'E:/OSPanel/domains/localhost/bank-klient/basic/index.php'
    'REMOTE_PORT' => '49213'
    'GATEWAY_INTERFACE' => 'CGI/1.1'
    'SERVER_PROTOCOL' => 'HTTP/1.1'
    'REQUEST_METHOD' => 'GET'
    'QUERY_STRING' => ''
    'REQUEST_URI' => '/'
    'SCRIPT_NAME' => '/index.php'
    'PHP_SELF' => '/index.php'
    'REQUEST_TIME_FLOAT' => 1591267160.933
    'REQUEST_TIME' => 1591267160
    'argv' => []
    'argc' => 0
]
2020-06-04 13:43:05 [127.0.0.1][1][pbf6kik5942fmdque0gfh39ieemmdb9u][error][yii\base\UnknownPropertyException] yii\base\UnknownPropertyException: Getting unknown property: app\controllers\SiteController::_pageSize in E:\OSPanel\domains\localhost\bank-klient\basic\_protected\vendor\yiisoft\yii2\base\Component.php:154
Stack trace:
#0 E:\OSPanel\domains\localhost\bank-klient\basic\_protected\controllers\SiteController.php(95): yii\base\Component->__get('_pageSize')
#1 [internal function]: app\controllers\SiteController->actionIndex()
#2 E:\OSPanel\domains\localhost\bank-klient\basic\_protected\vendor\yiisoft\yii2\base\InlineAction.php(57): call_user_func_array(Array, Array)
#3 E:\OSPanel\domains\localhost\bank-klient\basic\_protected\vendor\yiisoft\yii2\base\Controller.php(157): yii\base\InlineAction->runWithParams(Array)
#4 E:\OSPanel\domains\localhost\bank-klient\basic\_protected\vendor\yiisoft\yii2\base\Module.php(528): yii\base\Controller->runAction('', Array)
#5 E:\OSPanel\domains\localhost\bank-klient\basic\_protected\vendor\yiisoft\yii2\web\Application.php(103): yii\base\Module->runAction('', Array)
#6 E:\OSPanel\domains\localhost\bank-klient\basic\_protected\vendor\yiisoft\yii2\base\Application.php(386): yii\web\Application->handleRequest(Object(yii\web\Request))
#7 E:\OSPanel\domains\localhost\bank-klient\basic\index.php(12): yii\base\Application->run()
#8 {main}
2020-06-04 13:43:04 [127.0.0.1][1][pbf6kik5942fmdque0gfh39ieemmdb9u][info][application] $_GET = []

$_POST = []

$_FILES = []

$_COOKIE = [
    'PHPSESSID' => 'pbf6kik5942fmdque0gfh39ieemmdb9u'
    '_csrf' => 'f412798c13e7447237468010b99fc791cfaad6504db8716c44e713a48df5e50ea:2:{i:0;s:5:\"_csrf\";i:1;s:32:\"WOGC2vuPtXIw7W1uB1GALT9lpbPLVVag\";}'
]

$_SESSION = [
    '__flash' => []
    '__captcha/site/captcha' => 'moyjyim'
    '__captcha/site/captchacount' => 1
    '__id' => 1
]

$_SERVER = [
    'HTTP_HOST' => 'bank-klient'
    'HTTP_CONNECTION' => 'keep-alive'
    'HTTP_CACHE_CONTROL' => 'max-age=0'
    'HTTP_UPGRADE_INSECURE_REQUESTS' => '1'
    'HTTP_USER_AGENT' => 'Mozilla/5.0 (Windows NT 10.0; Win64; x64) AppleWebKit/537.36 (KHTML, like Gecko) Chrome/83.0.4103.97 Safari/537.36'
    'HTTP_ACCEPT' => 'text/html,application/xhtml+xml,application/xml;q=0.9,image/webp,image/apng,*/*;q=0.8,application/signed-exchange;v=b3;q=0.9'
    'HTTP_REFERER' => 'http://bank-klient/gii/model'
    'HTTP_ACCEPT_ENCODING' => 'gzip, deflate'
    'HTTP_ACCEPT_LANGUAGE' => 'ru-RU,ru;q=0.9,en-US;q=0.8,en;q=0.7'
    'HTTP_COOKIE' => 'PHPSESSID=pbf6kik5942fmdque0gfh39ieemmdb9u; _csrf=f412798c13e7447237468010b99fc791cfaad6504db8716c44e713a48df5e50ea%3A2%3A%7Bi%3A0%3Bs%3A5%3A%22_csrf%22%3Bi%3A1%3Bs%3A32%3A%22WOGC2vuPtXIw7W1uB1GALT9lpbPLVVag%22%3B%7D'
    'PATH' => 'e:\\ospanel\\modules\\php\\PHP_7.2-x64\\ext;e:\\ospanel\\modules\\php\\PHP_7.2-x64\\pear;e:\\ospanel\\modules\\php\\PHP_7.2-x64\\pear\\bin;e:\\ospanel\\modules\\php\\PHP_7.2-x64;e:\\ospanel\\modules\\wget\\bin;e:\\ospanel\\modules\\database\\MariaDB-10.3-x64\\bin;e:\\ospanel\\modules\\http\\Apache_2.4-PHP_7.2-7.3-x64\\bin;e:\\ospanel\\modules\\http\\Apache_2.4-PHP_7.2-7.3-x64;C:\\Windows\\system32;C:\\Windows;C:\\Windows\\system32\\Wbem;C:\\Windows\\SysWOW64'
    'SystemRoot' => 'C:\\Windows'
    'COMSPEC' => 'C:\\Windows\\system32\\cmd.exe'
    'PATHEXT' => '.COM;.EXE;.BAT;.CMD;.VBS;.VBE;.JS;.JSE;.WSF;.WSH;.MSC'
    'WINDIR' => 'C:\\Windows'
    'SERVER_SIGNATURE' => ''
    'SERVER_SOFTWARE' => 'Apache'
    'SERVER_NAME' => 'bank-klient'
    'SERVER_ADDR' => '127.0.0.1'
    'SERVER_PORT' => '80'
    'REMOTE_ADDR' => '127.0.0.1'
    'DOCUMENT_ROOT' => 'E:/OSPanel/domains/localhost/bank-klient/basic'
    'REQUEST_SCHEME' => 'http'
    'CONTEXT_PREFIX' => ''
    'CONTEXT_DOCUMENT_ROOT' => 'E:/OSPanel/domains/localhost/bank-klient/basic'
    'SERVER_ADMIN' => '[no address given]'
    'SCRIPT_FILENAME' => 'E:/OSPanel/domains/localhost/bank-klient/basic/index.php'
    'REMOTE_PORT' => '49230'
    'GATEWAY_INTERFACE' => 'CGI/1.1'
    'SERVER_PROTOCOL' => 'HTTP/1.1'
    'REQUEST_METHOD' => 'GET'
    'QUERY_STRING' => ''
    'REQUEST_URI' => '/'
    'SCRIPT_NAME' => '/index.php'
    'PHP_SELF' => '/index.php'
    'REQUEST_TIME_FLOAT' => 1591267384.916
    'REQUEST_TIME' => 1591267384
    'argv' => []
    'argc' => 0
]
2020-06-04 13:44:39 [127.0.0.1][1][pbf6kik5942fmdque0gfh39ieemmdb9u][error][yii\base\UnknownPropertyException] yii\base\UnknownPropertyException: Getting unknown property: app\controllers\SiteController::_pageSize in E:\OSPanel\domains\localhost\bank-klient\basic\_protected\vendor\yiisoft\yii2\base\Component.php:154
Stack trace:
#0 E:\OSPanel\domains\localhost\bank-klient\basic\_protected\controllers\SiteController.php(95): yii\base\Component->__get('_pageSize')
#1 [internal function]: app\controllers\SiteController->actionIndex()
#2 E:\OSPanel\domains\localhost\bank-klient\basic\_protected\vendor\yiisoft\yii2\base\InlineAction.php(57): call_user_func_array(Array, Array)
#3 E:\OSPanel\domains\localhost\bank-klient\basic\_protected\vendor\yiisoft\yii2\base\Controller.php(157): yii\base\InlineAction->runWithParams(Array)
#4 E:\OSPanel\domains\localhost\bank-klient\basic\_protected\vendor\yiisoft\yii2\base\Module.php(528): yii\base\Controller->runAction('', Array)
#5 E:\OSPanel\domains\localhost\bank-klient\basic\_protected\vendor\yiisoft\yii2\web\Application.php(103): yii\base\Module->runAction('', Array)
#6 E:\OSPanel\domains\localhost\bank-klient\basic\_protected\vendor\yiisoft\yii2\base\Application.php(386): yii\web\Application->handleRequest(Object(yii\web\Request))
#7 E:\OSPanel\domains\localhost\bank-klient\basic\index.php(12): yii\base\Application->run()
#8 {main}
2020-06-04 13:44:39 [127.0.0.1][1][pbf6kik5942fmdque0gfh39ieemmdb9u][info][application] $_GET = []

$_POST = []

$_FILES = []

$_COOKIE = [
    'PHPSESSID' => 'pbf6kik5942fmdque0gfh39ieemmdb9u'
    '_csrf' => 'f412798c13e7447237468010b99fc791cfaad6504db8716c44e713a48df5e50ea:2:{i:0;s:5:\"_csrf\";i:1;s:32:\"WOGC2vuPtXIw7W1uB1GALT9lpbPLVVag\";}'
]

$_SESSION = [
    '__flash' => []
    '__captcha/site/captcha' => 'moyjyim'
    '__captcha/site/captchacount' => 1
    '__id' => 1
]

$_SERVER = [
    'HTTP_HOST' => 'bank-klient'
    'HTTP_CONNECTION' => 'keep-alive'
    'HTTP_CACHE_CONTROL' => 'max-age=0'
    'HTTP_UPGRADE_INSECURE_REQUESTS' => '1'
    'HTTP_USER_AGENT' => 'Mozilla/5.0 (Windows NT 10.0; Win64; x64) AppleWebKit/537.36 (KHTML, like Gecko) Chrome/83.0.4103.97 Safari/537.36'
    'HTTP_ACCEPT' => 'text/html,application/xhtml+xml,application/xml;q=0.9,image/webp,image/apng,*/*;q=0.8,application/signed-exchange;v=b3;q=0.9'
    'HTTP_REFERER' => 'http://bank-klient/gii/model'
    'HTTP_ACCEPT_ENCODING' => 'gzip, deflate'
    'HTTP_ACCEPT_LANGUAGE' => 'ru-RU,ru;q=0.9,en-US;q=0.8,en;q=0.7'
    'HTTP_COOKIE' => 'PHPSESSID=pbf6kik5942fmdque0gfh39ieemmdb9u; _csrf=f412798c13e7447237468010b99fc791cfaad6504db8716c44e713a48df5e50ea%3A2%3A%7Bi%3A0%3Bs%3A5%3A%22_csrf%22%3Bi%3A1%3Bs%3A32%3A%22WOGC2vuPtXIw7W1uB1GALT9lpbPLVVag%22%3B%7D'
    'PATH' => 'e:\\ospanel\\modules\\php\\PHP_7.2-x64\\ext;e:\\ospanel\\modules\\php\\PHP_7.2-x64\\pear;e:\\ospanel\\modules\\php\\PHP_7.2-x64\\pear\\bin;e:\\ospanel\\modules\\php\\PHP_7.2-x64;e:\\ospanel\\modules\\wget\\bin;e:\\ospanel\\modules\\database\\MariaDB-10.3-x64\\bin;e:\\ospanel\\modules\\http\\Apache_2.4-PHP_7.2-7.3-x64\\bin;e:\\ospanel\\modules\\http\\Apache_2.4-PHP_7.2-7.3-x64;C:\\Windows\\system32;C:\\Windows;C:\\Windows\\system32\\Wbem;C:\\Windows\\SysWOW64'
    'SystemRoot' => 'C:\\Windows'
    'COMSPEC' => 'C:\\Windows\\system32\\cmd.exe'
    'PATHEXT' => '.COM;.EXE;.BAT;.CMD;.VBS;.VBE;.JS;.JSE;.WSF;.WSH;.MSC'
    'WINDIR' => 'C:\\Windows'
    'SERVER_SIGNATURE' => ''
    'SERVER_SOFTWARE' => 'Apache'
    'SERVER_NAME' => 'bank-klient'
    'SERVER_ADDR' => '127.0.0.1'
    'SERVER_PORT' => '80'
    'REMOTE_ADDR' => '127.0.0.1'
    'DOCUMENT_ROOT' => 'E:/OSPanel/domains/localhost/bank-klient/basic'
    'REQUEST_SCHEME' => 'http'
    'CONTEXT_PREFIX' => ''
    'CONTEXT_DOCUMENT_ROOT' => 'E:/OSPanel/domains/localhost/bank-klient/basic'
    'SERVER_ADMIN' => '[no address given]'
    'SCRIPT_FILENAME' => 'E:/OSPanel/domains/localhost/bank-klient/basic/index.php'
    'REMOTE_PORT' => '49267'
    'GATEWAY_INTERFACE' => 'CGI/1.1'
    'SERVER_PROTOCOL' => 'HTTP/1.1'
    'REQUEST_METHOD' => 'GET'
    'QUERY_STRING' => ''
    'REQUEST_URI' => '/'
    'SCRIPT_NAME' => '/index.php'
    'PHP_SELF' => '/index.php'
    'REQUEST_TIME_FLOAT' => 1591267479.446
    'REQUEST_TIME' => 1591267479
    'argv' => []
    'argc' => 0
]
2020-06-04 13:44:41 [127.0.0.1][1][pbf6kik5942fmdque0gfh39ieemmdb9u][error][yii\base\UnknownPropertyException] yii\base\UnknownPropertyException: Getting unknown property: app\controllers\SiteController::_pageSize in E:\OSPanel\domains\localhost\bank-klient\basic\_protected\vendor\yiisoft\yii2\base\Component.php:154
Stack trace:
#0 E:\OSPanel\domains\localhost\bank-klient\basic\_protected\controllers\SiteController.php(95): yii\base\Component->__get('_pageSize')
#1 [internal function]: app\controllers\SiteController->actionIndex()
#2 E:\OSPanel\domains\localhost\bank-klient\basic\_protected\vendor\yiisoft\yii2\base\InlineAction.php(57): call_user_func_array(Array, Array)
#3 E:\OSPanel\domains\localhost\bank-klient\basic\_protected\vendor\yiisoft\yii2\base\Controller.php(157): yii\base\InlineAction->runWithParams(Array)
#4 E:\OSPanel\domains\localhost\bank-klient\basic\_protected\vendor\yiisoft\yii2\base\Module.php(528): yii\base\Controller->runAction('', Array)
#5 E:\OSPanel\domains\localhost\bank-klient\basic\_protected\vendor\yiisoft\yii2\web\Application.php(103): yii\base\Module->runAction('', Array)
#6 E:\OSPanel\domains\localhost\bank-klient\basic\_protected\vendor\yiisoft\yii2\base\Application.php(386): yii\web\Application->handleRequest(Object(yii\web\Request))
#7 E:\OSPanel\domains\localhost\bank-klient\basic\index.php(12): yii\base\Application->run()
#8 {main}
2020-06-04 13:44:41 [127.0.0.1][1][pbf6kik5942fmdque0gfh39ieemmdb9u][info][application] $_GET = []

$_POST = []

$_FILES = []

$_COOKIE = [
    'PHPSESSID' => 'pbf6kik5942fmdque0gfh39ieemmdb9u'
    '_csrf' => 'f412798c13e7447237468010b99fc791cfaad6504db8716c44e713a48df5e50ea:2:{i:0;s:5:\"_csrf\";i:1;s:32:\"WOGC2vuPtXIw7W1uB1GALT9lpbPLVVag\";}'
]

$_SESSION = [
    '__flash' => []
    '__captcha/site/captcha' => 'moyjyim'
    '__captcha/site/captchacount' => 1
    '__id' => 1
]

$_SERVER = [
    'HTTP_HOST' => 'bank-klient'
    'HTTP_CONNECTION' => 'keep-alive'
    'HTTP_CACHE_CONTROL' => 'max-age=0'
    'HTTP_UPGRADE_INSECURE_REQUESTS' => '1'
    'HTTP_USER_AGENT' => 'Mozilla/5.0 (Windows NT 10.0; Win64; x64) AppleWebKit/537.36 (KHTML, like Gecko) Chrome/83.0.4103.97 Safari/537.36'
    'HTTP_ACCEPT' => 'text/html,application/xhtml+xml,application/xml;q=0.9,image/webp,image/apng,*/*;q=0.8,application/signed-exchange;v=b3;q=0.9'
    'HTTP_REFERER' => 'http://bank-klient/gii/model'
    'HTTP_ACCEPT_ENCODING' => 'gzip, deflate'
    'HTTP_ACCEPT_LANGUAGE' => 'ru-RU,ru;q=0.9,en-US;q=0.8,en;q=0.7'
    'HTTP_COOKIE' => 'PHPSESSID=pbf6kik5942fmdque0gfh39ieemmdb9u; _csrf=f412798c13e7447237468010b99fc791cfaad6504db8716c44e713a48df5e50ea%3A2%3A%7Bi%3A0%3Bs%3A5%3A%22_csrf%22%3Bi%3A1%3Bs%3A32%3A%22WOGC2vuPtXIw7W1uB1GALT9lpbPLVVag%22%3B%7D'
    'PATH' => 'e:\\ospanel\\modules\\php\\PHP_7.2-x64\\ext;e:\\ospanel\\modules\\php\\PHP_7.2-x64\\pear;e:\\ospanel\\modules\\php\\PHP_7.2-x64\\pear\\bin;e:\\ospanel\\modules\\php\\PHP_7.2-x64;e:\\ospanel\\modules\\wget\\bin;e:\\ospanel\\modules\\database\\MariaDB-10.3-x64\\bin;e:\\ospanel\\modules\\http\\Apache_2.4-PHP_7.2-7.3-x64\\bin;e:\\ospanel\\modules\\http\\Apache_2.4-PHP_7.2-7.3-x64;C:\\Windows\\system32;C:\\Windows;C:\\Windows\\system32\\Wbem;C:\\Windows\\SysWOW64'
    'SystemRoot' => 'C:\\Windows'
    'COMSPEC' => 'C:\\Windows\\system32\\cmd.exe'
    'PATHEXT' => '.COM;.EXE;.BAT;.CMD;.VBS;.VBE;.JS;.JSE;.WSF;.WSH;.MSC'
    'WINDIR' => 'C:\\Windows'
    'SERVER_SIGNATURE' => ''
    'SERVER_SOFTWARE' => 'Apache'
    'SERVER_NAME' => 'bank-klient'
    'SERVER_ADDR' => '127.0.0.1'
    'SERVER_PORT' => '80'
    'REMOTE_ADDR' => '127.0.0.1'
    'DOCUMENT_ROOT' => 'E:/OSPanel/domains/localhost/bank-klient/basic'
    'REQUEST_SCHEME' => 'http'
    'CONTEXT_PREFIX' => ''
    'CONTEXT_DOCUMENT_ROOT' => 'E:/OSPanel/domains/localhost/bank-klient/basic'
    'SERVER_ADMIN' => '[no address given]'
    'SCRIPT_FILENAME' => 'E:/OSPanel/domains/localhost/bank-klient/basic/index.php'
    'REMOTE_PORT' => '49270'
    'GATEWAY_INTERFACE' => 'CGI/1.1'
    'SERVER_PROTOCOL' => 'HTTP/1.1'
    'REQUEST_METHOD' => 'GET'
    'QUERY_STRING' => ''
    'REQUEST_URI' => '/'
    'SCRIPT_NAME' => '/index.php'
    'PHP_SELF' => '/index.php'
    'REQUEST_TIME_FLOAT' => 1591267481.002
    'REQUEST_TIME' => 1591267481
    'argv' => []
    'argc' => 0
]
2020-06-04 13:44:42 [127.0.0.1][1][pbf6kik5942fmdque0gfh39ieemmdb9u][error][yii\base\UnknownPropertyException] yii\base\UnknownPropertyException: Getting unknown property: app\controllers\SiteController::_pageSize in E:\OSPanel\domains\localhost\bank-klient\basic\_protected\vendor\yiisoft\yii2\base\Component.php:154
Stack trace:
#0 E:\OSPanel\domains\localhost\bank-klient\basic\_protected\controllers\SiteController.php(95): yii\base\Component->__get('_pageSize')
#1 [internal function]: app\controllers\SiteController->actionIndex()
#2 E:\OSPanel\domains\localhost\bank-klient\basic\_protected\vendor\yiisoft\yii2\base\InlineAction.php(57): call_user_func_array(Array, Array)
#3 E:\OSPanel\domains\localhost\bank-klient\basic\_protected\vendor\yiisoft\yii2\base\Controller.php(157): yii\base\InlineAction->runWithParams(Array)
#4 E:\OSPanel\domains\localhost\bank-klient\basic\_protected\vendor\yiisoft\yii2\base\Module.php(528): yii\base\Controller->runAction('', Array)
#5 E:\OSPanel\domains\localhost\bank-klient\basic\_protected\vendor\yiisoft\yii2\web\Application.php(103): yii\base\Module->runAction('', Array)
#6 E:\OSPanel\domains\localhost\bank-klient\basic\_protected\vendor\yiisoft\yii2\base\Application.php(386): yii\web\Application->handleRequest(Object(yii\web\Request))
#7 E:\OSPanel\domains\localhost\bank-klient\basic\index.php(12): yii\base\Application->run()
#8 {main}
2020-06-04 13:44:41 [127.0.0.1][1][pbf6kik5942fmdque0gfh39ieemmdb9u][info][application] $_GET = []

$_POST = []

$_FILES = []

$_COOKIE = [
    'PHPSESSID' => 'pbf6kik5942fmdque0gfh39ieemmdb9u'
    '_csrf' => 'f412798c13e7447237468010b99fc791cfaad6504db8716c44e713a48df5e50ea:2:{i:0;s:5:\"_csrf\";i:1;s:32:\"WOGC2vuPtXIw7W1uB1GALT9lpbPLVVag\";}'
]

$_SESSION = [
    '__flash' => []
    '__captcha/site/captcha' => 'moyjyim'
    '__captcha/site/captchacount' => 1
    '__id' => 1
]

$_SERVER = [
    'HTTP_HOST' => 'bank-klient'
    'HTTP_CONNECTION' => 'keep-alive'
    'HTTP_CACHE_CONTROL' => 'max-age=0'
    'HTTP_UPGRADE_INSECURE_REQUESTS' => '1'
    'HTTP_USER_AGENT' => 'Mozilla/5.0 (Windows NT 10.0; Win64; x64) AppleWebKit/537.36 (KHTML, like Gecko) Chrome/83.0.4103.97 Safari/537.36'
    'HTTP_ACCEPT' => 'text/html,application/xhtml+xml,application/xml;q=0.9,image/webp,image/apng,*/*;q=0.8,application/signed-exchange;v=b3;q=0.9'
    'HTTP_REFERER' => 'http://bank-klient/gii/model'
    'HTTP_ACCEPT_ENCODING' => 'gzip, deflate'
    'HTTP_ACCEPT_LANGUAGE' => 'ru-RU,ru;q=0.9,en-US;q=0.8,en;q=0.7'
    'HTTP_COOKIE' => 'PHPSESSID=pbf6kik5942fmdque0gfh39ieemmdb9u; _csrf=f412798c13e7447237468010b99fc791cfaad6504db8716c44e713a48df5e50ea%3A2%3A%7Bi%3A0%3Bs%3A5%3A%22_csrf%22%3Bi%3A1%3Bs%3A32%3A%22WOGC2vuPtXIw7W1uB1GALT9lpbPLVVag%22%3B%7D'
    'PATH' => 'e:\\ospanel\\modules\\php\\PHP_7.2-x64\\ext;e:\\ospanel\\modules\\php\\PHP_7.2-x64\\pear;e:\\ospanel\\modules\\php\\PHP_7.2-x64\\pear\\bin;e:\\ospanel\\modules\\php\\PHP_7.2-x64;e:\\ospanel\\modules\\wget\\bin;e:\\ospanel\\modules\\database\\MariaDB-10.3-x64\\bin;e:\\ospanel\\modules\\http\\Apache_2.4-PHP_7.2-7.3-x64\\bin;e:\\ospanel\\modules\\http\\Apache_2.4-PHP_7.2-7.3-x64;C:\\Windows\\system32;C:\\Windows;C:\\Windows\\system32\\Wbem;C:\\Windows\\SysWOW64'
    'SystemRoot' => 'C:\\Windows'
    'COMSPEC' => 'C:\\Windows\\system32\\cmd.exe'
    'PATHEXT' => '.COM;.EXE;.BAT;.CMD;.VBS;.VBE;.JS;.JSE;.WSF;.WSH;.MSC'
    'WINDIR' => 'C:\\Windows'
    'SERVER_SIGNATURE' => ''
    'SERVER_SOFTWARE' => 'Apache'
    'SERVER_NAME' => 'bank-klient'
    'SERVER_ADDR' => '127.0.0.1'
    'SERVER_PORT' => '80'
    'REMOTE_ADDR' => '127.0.0.1'
    'DOCUMENT_ROOT' => 'E:/OSPanel/domains/localhost/bank-klient/basic'
    'REQUEST_SCHEME' => 'http'
    'CONTEXT_PREFIX' => ''
    'CONTEXT_DOCUMENT_ROOT' => 'E:/OSPanel/domains/localhost/bank-klient/basic'
    'SERVER_ADMIN' => '[no address given]'
    'SCRIPT_FILENAME' => 'E:/OSPanel/domains/localhost/bank-klient/basic/index.php'
    'REMOTE_PORT' => '49271'
    'GATEWAY_INTERFACE' => 'CGI/1.1'
    'SERVER_PROTOCOL' => 'HTTP/1.1'
    'REQUEST_METHOD' => 'GET'
    'QUERY_STRING' => ''
    'REQUEST_URI' => '/'
    'SCRIPT_NAME' => '/index.php'
    'PHP_SELF' => '/index.php'
    'REQUEST_TIME_FLOAT' => 1591267481.959
    'REQUEST_TIME' => 1591267481
    'argv' => []
    'argc' => 0
]
2020-06-04 13:47:13 [127.0.0.1][1][pbf6kik5942fmdque0gfh39ieemmdb9u][error][Error] Error: Class 'app\controllers\CompanySearch' not found in E:\OSPanel\domains\localhost\bank-klient\basic\_protected\controllers\SiteController.php:93
Stack trace:
#0 [internal function]: app\controllers\SiteController->actionIndex()
#1 E:\OSPanel\domains\localhost\bank-klient\basic\_protected\vendor\yiisoft\yii2\base\InlineAction.php(57): call_user_func_array(Array, Array)
#2 E:\OSPanel\domains\localhost\bank-klient\basic\_protected\vendor\yiisoft\yii2\base\Controller.php(157): yii\base\InlineAction->runWithParams(Array)
#3 E:\OSPanel\domains\localhost\bank-klient\basic\_protected\vendor\yiisoft\yii2\base\Module.php(528): yii\base\Controller->runAction('', Array)
#4 E:\OSPanel\domains\localhost\bank-klient\basic\_protected\vendor\yiisoft\yii2\web\Application.php(103): yii\base\Module->runAction('', Array)
#5 E:\OSPanel\domains\localhost\bank-klient\basic\_protected\vendor\yiisoft\yii2\base\Application.php(386): yii\web\Application->handleRequest(Object(yii\web\Request))
#6 E:\OSPanel\domains\localhost\bank-klient\basic\index.php(12): yii\base\Application->run()
#7 {main}
2020-06-04 13:47:13 [127.0.0.1][1][pbf6kik5942fmdque0gfh39ieemmdb9u][info][application] $_GET = []

$_POST = []

$_FILES = []

$_COOKIE = [
    'PHPSESSID' => 'pbf6kik5942fmdque0gfh39ieemmdb9u'
    '_csrf' => 'f412798c13e7447237468010b99fc791cfaad6504db8716c44e713a48df5e50ea:2:{i:0;s:5:\"_csrf\";i:1;s:32:\"WOGC2vuPtXIw7W1uB1GALT9lpbPLVVag\";}'
]

$_SESSION = [
    '__flash' => []
    '__captcha/site/captcha' => 'moyjyim'
    '__captcha/site/captchacount' => 1
    '__id' => 1
]

$_SERVER = [
    'HTTP_HOST' => 'bank-klient'
    'HTTP_CONNECTION' => 'keep-alive'
    'HTTP_UPGRADE_INSECURE_REQUESTS' => '1'
    'HTTP_USER_AGENT' => 'Mozilla/5.0 (Windows NT 10.0; Win64; x64) AppleWebKit/537.36 (KHTML, like Gecko) Chrome/83.0.4103.97 Safari/537.36'
    'HTTP_ACCEPT' => 'text/html,application/xhtml+xml,application/xml;q=0.9,image/webp,image/apng,*/*;q=0.8,application/signed-exchange;v=b3;q=0.9'
    'HTTP_ACCEPT_ENCODING' => 'gzip, deflate'
    'HTTP_ACCEPT_LANGUAGE' => 'ru-RU,ru;q=0.9,en-US;q=0.8,en;q=0.7'
    'HTTP_COOKIE' => 'PHPSESSID=pbf6kik5942fmdque0gfh39ieemmdb9u; _csrf=f412798c13e7447237468010b99fc791cfaad6504db8716c44e713a48df5e50ea%3A2%3A%7Bi%3A0%3Bs%3A5%3A%22_csrf%22%3Bi%3A1%3Bs%3A32%3A%22WOGC2vuPtXIw7W1uB1GALT9lpbPLVVag%22%3B%7D'
    'PATH' => 'e:\\ospanel\\modules\\php\\PHP_7.2-x64\\ext;e:\\ospanel\\modules\\php\\PHP_7.2-x64\\pear;e:\\ospanel\\modules\\php\\PHP_7.2-x64\\pear\\bin;e:\\ospanel\\modules\\php\\PHP_7.2-x64;e:\\ospanel\\modules\\wget\\bin;e:\\ospanel\\modules\\database\\MariaDB-10.3-x64\\bin;e:\\ospanel\\modules\\http\\Apache_2.4-PHP_7.2-7.3-x64\\bin;e:\\ospanel\\modules\\http\\Apache_2.4-PHP_7.2-7.3-x64;C:\\Windows\\system32;C:\\Windows;C:\\Windows\\system32\\Wbem;C:\\Windows\\SysWOW64'
    'SystemRoot' => 'C:\\Windows'
    'COMSPEC' => 'C:\\Windows\\system32\\cmd.exe'
    'PATHEXT' => '.COM;.EXE;.BAT;.CMD;.VBS;.VBE;.JS;.JSE;.WSF;.WSH;.MSC'
    'WINDIR' => 'C:\\Windows'
    'SERVER_SIGNATURE' => ''
    'SERVER_SOFTWARE' => 'Apache'
    'SERVER_NAME' => 'bank-klient'
    'SERVER_ADDR' => '127.0.0.1'
    'SERVER_PORT' => '80'
    'REMOTE_ADDR' => '127.0.0.1'
    'DOCUMENT_ROOT' => 'E:/OSPanel/domains/localhost/bank-klient/basic'
    'REQUEST_SCHEME' => 'http'
    'CONTEXT_PREFIX' => ''
    'CONTEXT_DOCUMENT_ROOT' => 'E:/OSPanel/domains/localhost/bank-klient/basic'
    'SERVER_ADMIN' => '[no address given]'
    'SCRIPT_FILENAME' => 'E:/OSPanel/domains/localhost/bank-klient/basic/index.php'
    'REMOTE_PORT' => '49310'
    'GATEWAY_INTERFACE' => 'CGI/1.1'
    'SERVER_PROTOCOL' => 'HTTP/1.1'
    'REQUEST_METHOD' => 'GET'
    'QUERY_STRING' => ''
    'REQUEST_URI' => '/'
    'SCRIPT_NAME' => '/index.php'
    'PHP_SELF' => '/index.php'
    'REQUEST_TIME_FLOAT' => 1591267633.278
    'REQUEST_TIME' => 1591267633
    'argv' => []
    'argc' => 0
]
2020-06-04 13:47:54 [127.0.0.1][1][pbf6kik5942fmdque0gfh39ieemmdb9u][error][yii\base\UnknownPropertyException] yii\base\UnknownPropertyException: Getting unknown property: app\controllers\SiteController::_pageSize in E:\OSPanel\domains\localhost\bank-klient\basic\_protected\vendor\yiisoft\yii2\base\Component.php:154
Stack trace:
#0 E:\OSPanel\domains\localhost\bank-klient\basic\_protected\controllers\SiteController.php(96): yii\base\Component->__get('_pageSize')
#1 [internal function]: app\controllers\SiteController->actionIndex()
#2 E:\OSPanel\domains\localhost\bank-klient\basic\_protected\vendor\yiisoft\yii2\base\InlineAction.php(57): call_user_func_array(Array, Array)
#3 E:\OSPanel\domains\localhost\bank-klient\basic\_protected\vendor\yiisoft\yii2\base\Controller.php(157): yii\base\InlineAction->runWithParams(Array)
#4 E:\OSPanel\domains\localhost\bank-klient\basic\_protected\vendor\yiisoft\yii2\base\Module.php(528): yii\base\Controller->runAction('', Array)
#5 E:\OSPanel\domains\localhost\bank-klient\basic\_protected\vendor\yiisoft\yii2\web\Application.php(103): yii\base\Module->runAction('', Array)
#6 E:\OSPanel\domains\localhost\bank-klient\basic\_protected\vendor\yiisoft\yii2\base\Application.php(386): yii\web\Application->handleRequest(Object(yii\web\Request))
#7 E:\OSPanel\domains\localhost\bank-klient\basic\index.php(12): yii\base\Application->run()
#8 {main}
2020-06-04 13:47:54 [127.0.0.1][1][pbf6kik5942fmdque0gfh39ieemmdb9u][info][application] $_GET = []

$_POST = []

$_FILES = []

$_COOKIE = [
    'PHPSESSID' => 'pbf6kik5942fmdque0gfh39ieemmdb9u'
    '_csrf' => 'f412798c13e7447237468010b99fc791cfaad6504db8716c44e713a48df5e50ea:2:{i:0;s:5:\"_csrf\";i:1;s:32:\"WOGC2vuPtXIw7W1uB1GALT9lpbPLVVag\";}'
]

$_SESSION = [
    '__flash' => []
    '__captcha/site/captcha' => 'moyjyim'
    '__captcha/site/captchacount' => 1
    '__id' => 1
]

$_SERVER = [
    'HTTP_HOST' => 'bank-klient'
    'HTTP_CONNECTION' => 'keep-alive'
    'HTTP_CACHE_CONTROL' => 'max-age=0'
    'HTTP_UPGRADE_INSECURE_REQUESTS' => '1'
    'HTTP_USER_AGENT' => 'Mozilla/5.0 (Windows NT 10.0; Win64; x64) AppleWebKit/537.36 (KHTML, like Gecko) Chrome/83.0.4103.97 Safari/537.36'
    'HTTP_ACCEPT' => 'text/html,application/xhtml+xml,application/xml;q=0.9,image/webp,image/apng,*/*;q=0.8,application/signed-exchange;v=b3;q=0.9'
    'HTTP_ACCEPT_ENCODING' => 'gzip, deflate'
    'HTTP_ACCEPT_LANGUAGE' => 'ru-RU,ru;q=0.9,en-US;q=0.8,en;q=0.7'
    'HTTP_COOKIE' => 'PHPSESSID=pbf6kik5942fmdque0gfh39ieemmdb9u; _csrf=f412798c13e7447237468010b99fc791cfaad6504db8716c44e713a48df5e50ea%3A2%3A%7Bi%3A0%3Bs%3A5%3A%22_csrf%22%3Bi%3A1%3Bs%3A32%3A%22WOGC2vuPtXIw7W1uB1GALT9lpbPLVVag%22%3B%7D'
    'PATH' => 'e:\\ospanel\\modules\\php\\PHP_7.2-x64\\ext;e:\\ospanel\\modules\\php\\PHP_7.2-x64\\pear;e:\\ospanel\\modules\\php\\PHP_7.2-x64\\pear\\bin;e:\\ospanel\\modules\\php\\PHP_7.2-x64;e:\\ospanel\\modules\\wget\\bin;e:\\ospanel\\modules\\database\\MariaDB-10.3-x64\\bin;e:\\ospanel\\modules\\http\\Apache_2.4-PHP_7.2-7.3-x64\\bin;e:\\ospanel\\modules\\http\\Apache_2.4-PHP_7.2-7.3-x64;C:\\Windows\\system32;C:\\Windows;C:\\Windows\\system32\\Wbem;C:\\Windows\\SysWOW64'
    'SystemRoot' => 'C:\\Windows'
    'COMSPEC' => 'C:\\Windows\\system32\\cmd.exe'
    'PATHEXT' => '.COM;.EXE;.BAT;.CMD;.VBS;.VBE;.JS;.JSE;.WSF;.WSH;.MSC'
    'WINDIR' => 'C:\\Windows'
    'SERVER_SIGNATURE' => ''
    'SERVER_SOFTWARE' => 'Apache'
    'SERVER_NAME' => 'bank-klient'
    'SERVER_ADDR' => '127.0.0.1'
    'SERVER_PORT' => '80'
    'REMOTE_ADDR' => '127.0.0.1'
    'DOCUMENT_ROOT' => 'E:/OSPanel/domains/localhost/bank-klient/basic'
    'REQUEST_SCHEME' => 'http'
    'CONTEXT_PREFIX' => ''
    'CONTEXT_DOCUMENT_ROOT' => 'E:/OSPanel/domains/localhost/bank-klient/basic'
    'SERVER_ADMIN' => '[no address given]'
    'SCRIPT_FILENAME' => 'E:/OSPanel/domains/localhost/bank-klient/basic/index.php'
    'REMOTE_PORT' => '49316'
    'GATEWAY_INTERFACE' => 'CGI/1.1'
    'SERVER_PROTOCOL' => 'HTTP/1.1'
    'REQUEST_METHOD' => 'GET'
    'QUERY_STRING' => ''
    'REQUEST_URI' => '/'
    'SCRIPT_NAME' => '/index.php'
    'PHP_SELF' => '/index.php'
    'REQUEST_TIME_FLOAT' => 1591267674.471
    'REQUEST_TIME' => 1591267674
    'argv' => []
    'argc' => 0
]
2020-06-04 13:48:41 [127.0.0.1][1][pbf6kik5942fmdque0gfh39ieemmdb9u][error][Error] Error: Class 'GridView' not found in E:\OSPanel\domains\localhost\bank-klient\basic\_protected\views\site\index.php:17
Stack trace:
#0 E:\OSPanel\domains\localhost\bank-klient\basic\_protected\vendor\yiisoft\yii2\base\View.php(348): require()
#1 E:\OSPanel\domains\localhost\bank-klient\basic\_protected\vendor\yiisoft\yii2\base\View.php(257): yii\base\View->renderPhpFile('E:\\OSPanel\\doma...', Array)
#2 E:\OSPanel\domains\localhost\bank-klient\basic\_protected\vendor\yiisoft\yii2\base\View.php(156): yii\base\View->renderFile('E:\\OSPanel\\doma...', Array, Object(app\controllers\SiteController))
#3 E:\OSPanel\domains\localhost\bank-klient\basic\_protected\vendor\yiisoft\yii2\base\Controller.php(386): yii\base\View->render('index', Array, Object(app\controllers\SiteController))
#4 E:\OSPanel\domains\localhost\bank-klient\basic\_protected\controllers\SiteController.php(102): yii\base\Controller->render('index', Array)
#5 [internal function]: app\controllers\SiteController->actionIndex()
#6 E:\OSPanel\domains\localhost\bank-klient\basic\_protected\vendor\yiisoft\yii2\base\InlineAction.php(57): call_user_func_array(Array, Array)
#7 E:\OSPanel\domains\localhost\bank-klient\basic\_protected\vendor\yiisoft\yii2\base\Controller.php(157): yii\base\InlineAction->runWithParams(Array)
#8 E:\OSPanel\domains\localhost\bank-klient\basic\_protected\vendor\yiisoft\yii2\base\Module.php(528): yii\base\Controller->runAction('', Array)
#9 E:\OSPanel\domains\localhost\bank-klient\basic\_protected\vendor\yiisoft\yii2\web\Application.php(103): yii\base\Module->runAction('', Array)
#10 E:\OSPanel\domains\localhost\bank-klient\basic\_protected\vendor\yiisoft\yii2\base\Application.php(386): yii\web\Application->handleRequest(Object(yii\web\Request))
#11 E:\OSPanel\domains\localhost\bank-klient\basic\index.php(12): yii\base\Application->run()
#12 {main}
2020-06-04 13:48:40 [127.0.0.1][1][pbf6kik5942fmdque0gfh39ieemmdb9u][info][application] $_GET = []

$_POST = []

$_FILES = []

$_COOKIE = [
    'PHPSESSID' => 'pbf6kik5942fmdque0gfh39ieemmdb9u'
    '_csrf' => 'f412798c13e7447237468010b99fc791cfaad6504db8716c44e713a48df5e50ea:2:{i:0;s:5:\"_csrf\";i:1;s:32:\"WOGC2vuPtXIw7W1uB1GALT9lpbPLVVag\";}'
]

$_SESSION = [
    '__flash' => []
    '__captcha/site/captcha' => 'moyjyim'
    '__captcha/site/captchacount' => 1
    '__id' => 1
]

$_SERVER = [
    'HTTP_HOST' => 'bank-klient'
    'HTTP_CONNECTION' => 'keep-alive'
    'HTTP_CACHE_CONTROL' => 'max-age=0'
    'HTTP_UPGRADE_INSECURE_REQUESTS' => '1'
    'HTTP_USER_AGENT' => 'Mozilla/5.0 (Windows NT 10.0; Win64; x64) AppleWebKit/537.36 (KHTML, like Gecko) Chrome/83.0.4103.97 Safari/537.36'
    'HTTP_ACCEPT' => 'text/html,application/xhtml+xml,application/xml;q=0.9,image/webp,image/apng,*/*;q=0.8,application/signed-exchange;v=b3;q=0.9'
    'HTTP_ACCEPT_ENCODING' => 'gzip, deflate'
    'HTTP_ACCEPT_LANGUAGE' => 'ru-RU,ru;q=0.9,en-US;q=0.8,en;q=0.7'
    'HTTP_COOKIE' => 'PHPSESSID=pbf6kik5942fmdque0gfh39ieemmdb9u; _csrf=f412798c13e7447237468010b99fc791cfaad6504db8716c44e713a48df5e50ea%3A2%3A%7Bi%3A0%3Bs%3A5%3A%22_csrf%22%3Bi%3A1%3Bs%3A32%3A%22WOGC2vuPtXIw7W1uB1GALT9lpbPLVVag%22%3B%7D'
    'PATH' => 'e:\\ospanel\\modules\\php\\PHP_7.2-x64\\ext;e:\\ospanel\\modules\\php\\PHP_7.2-x64\\pear;e:\\ospanel\\modules\\php\\PHP_7.2-x64\\pear\\bin;e:\\ospanel\\modules\\php\\PHP_7.2-x64;e:\\ospanel\\modules\\wget\\bin;e:\\ospanel\\modules\\database\\MariaDB-10.3-x64\\bin;e:\\ospanel\\modules\\http\\Apache_2.4-PHP_7.2-7.3-x64\\bin;e:\\ospanel\\modules\\http\\Apache_2.4-PHP_7.2-7.3-x64;C:\\Windows\\system32;C:\\Windows;C:\\Windows\\system32\\Wbem;C:\\Windows\\SysWOW64'
    'SystemRoot' => 'C:\\Windows'
    'COMSPEC' => 'C:\\Windows\\system32\\cmd.exe'
    'PATHEXT' => '.COM;.EXE;.BAT;.CMD;.VBS;.VBE;.JS;.JSE;.WSF;.WSH;.MSC'
    'WINDIR' => 'C:\\Windows'
    'SERVER_SIGNATURE' => ''
    'SERVER_SOFTWARE' => 'Apache'
    'SERVER_NAME' => 'bank-klient'
    'SERVER_ADDR' => '127.0.0.1'
    'SERVER_PORT' => '80'
    'REMOTE_ADDR' => '127.0.0.1'
    'DOCUMENT_ROOT' => 'E:/OSPanel/domains/localhost/bank-klient/basic'
    'REQUEST_SCHEME' => 'http'
    'CONTEXT_PREFIX' => ''
    'CONTEXT_DOCUMENT_ROOT' => 'E:/OSPanel/domains/localhost/bank-klient/basic'
    'SERVER_ADMIN' => '[no address given]'
    'SCRIPT_FILENAME' => 'E:/OSPanel/domains/localhost/bank-klient/basic/index.php'
    'REMOTE_PORT' => '49324'
    'GATEWAY_INTERFACE' => 'CGI/1.1'
    'SERVER_PROTOCOL' => 'HTTP/1.1'
    'REQUEST_METHOD' => 'GET'
    'QUERY_STRING' => ''
    'REQUEST_URI' => '/'
    'SCRIPT_NAME' => '/index.php'
    'PHP_SELF' => '/index.php'
    'REQUEST_TIME_FLOAT' => 1591267720.872
    'REQUEST_TIME' => 1591267720
    'argv' => []
    'argc' => 0
]
2020-06-04 13:49:19 [127.0.0.1][1][pbf6kik5942fmdque0gfh39ieemmdb9u][error][yii\base\ErrorException:2] yii\base\ErrorException: Use of undefined constant dataProviderCompany - assumed 'dataProviderCompany' (this will throw an Error in a future version of PHP) in E:\OSPanel\domains\localhost\bank-klient\basic\_protected\views\site\index.php:23
Stack trace:
#0 E:\OSPanel\domains\localhost\bank-klient\basic\_protected\views\site\index.php(23): yii\base\ErrorHandler->handleError(2, 'Use of undefine...', 'E:\\OSPanel\\doma...', 23, Array)
#1 E:\OSPanel\domains\localhost\bank-klient\basic\_protected\vendor\yiisoft\yii2\base\View.php(348): require('E:\\OSPanel\\doma...')
#2 E:\OSPanel\domains\localhost\bank-klient\basic\_protected\vendor\yiisoft\yii2\base\View.php(257): yii\base\View->renderPhpFile('E:\\OSPanel\\doma...', Array)
#3 E:\OSPanel\domains\localhost\bank-klient\basic\_protected\vendor\yiisoft\yii2\base\View.php(156): yii\base\View->renderFile('E:\\OSPanel\\doma...', Array, Object(app\controllers\SiteController))
#4 E:\OSPanel\domains\localhost\bank-klient\basic\_protected\vendor\yiisoft\yii2\base\Controller.php(386): yii\base\View->render('index', Array, Object(app\controllers\SiteController))
#5 E:\OSPanel\domains\localhost\bank-klient\basic\_protected\controllers\SiteController.php(102): yii\base\Controller->render('index', Array)
#6 [internal function]: app\controllers\SiteController->actionIndex()
#7 E:\OSPanel\domains\localhost\bank-klient\basic\_protected\vendor\yiisoft\yii2\base\InlineAction.php(57): call_user_func_array(Array, Array)
#8 E:\OSPanel\domains\localhost\bank-klient\basic\_protected\vendor\yiisoft\yii2\base\Controller.php(157): yii\base\InlineAction->runWithParams(Array)
#9 E:\OSPanel\domains\localhost\bank-klient\basic\_protected\vendor\yiisoft\yii2\base\Module.php(528): yii\base\Controller->runAction('', Array)
#10 E:\OSPanel\domains\localhost\bank-klient\basic\_protected\vendor\yiisoft\yii2\web\Application.php(103): yii\base\Module->runAction('', Array)
#11 E:\OSPanel\domains\localhost\bank-klient\basic\_protected\vendor\yiisoft\yii2\base\Application.php(386): yii\web\Application->handleRequest(Object(yii\web\Request))
#12 E:\OSPanel\domains\localhost\bank-klient\basic\index.php(12): yii\base\Application->run()
#13 {main}
2020-06-04 13:49:19 [127.0.0.1][1][pbf6kik5942fmdque0gfh39ieemmdb9u][info][application] $_GET = []

$_POST = []

$_FILES = []

$_COOKIE = [
    'PHPSESSID' => 'pbf6kik5942fmdque0gfh39ieemmdb9u'
    '_csrf' => 'f412798c13e7447237468010b99fc791cfaad6504db8716c44e713a48df5e50ea:2:{i:0;s:5:\"_csrf\";i:1;s:32:\"WOGC2vuPtXIw7W1uB1GALT9lpbPLVVag\";}'
]

$_SESSION = [
    '__flash' => []
    '__captcha/site/captcha' => 'moyjyim'
    '__captcha/site/captchacount' => 1
    '__id' => 1
]

$_SERVER = [
    'HTTP_HOST' => 'bank-klient'
    'HTTP_CONNECTION' => 'keep-alive'
    'HTTP_CACHE_CONTROL' => 'max-age=0'
    'HTTP_UPGRADE_INSECURE_REQUESTS' => '1'
    'HTTP_USER_AGENT' => 'Mozilla/5.0 (Windows NT 10.0; Win64; x64) AppleWebKit/537.36 (KHTML, like Gecko) Chrome/83.0.4103.97 Safari/537.36'
    'HTTP_ACCEPT' => 'text/html,application/xhtml+xml,application/xml;q=0.9,image/webp,image/apng,*/*;q=0.8,application/signed-exchange;v=b3;q=0.9'
    'HTTP_ACCEPT_ENCODING' => 'gzip, deflate'
    'HTTP_ACCEPT_LANGUAGE' => 'ru-RU,ru;q=0.9,en-US;q=0.8,en;q=0.7'
    'HTTP_COOKIE' => 'PHPSESSID=pbf6kik5942fmdque0gfh39ieemmdb9u; _csrf=f412798c13e7447237468010b99fc791cfaad6504db8716c44e713a48df5e50ea%3A2%3A%7Bi%3A0%3Bs%3A5%3A%22_csrf%22%3Bi%3A1%3Bs%3A32%3A%22WOGC2vuPtXIw7W1uB1GALT9lpbPLVVag%22%3B%7D'
    'PATH' => 'e:\\ospanel\\modules\\php\\PHP_7.2-x64\\ext;e:\\ospanel\\modules\\php\\PHP_7.2-x64\\pear;e:\\ospanel\\modules\\php\\PHP_7.2-x64\\pear\\bin;e:\\ospanel\\modules\\php\\PHP_7.2-x64;e:\\ospanel\\modules\\wget\\bin;e:\\ospanel\\modules\\database\\MariaDB-10.3-x64\\bin;e:\\ospanel\\modules\\http\\Apache_2.4-PHP_7.2-7.3-x64\\bin;e:\\ospanel\\modules\\http\\Apache_2.4-PHP_7.2-7.3-x64;C:\\Windows\\system32;C:\\Windows;C:\\Windows\\system32\\Wbem;C:\\Windows\\SysWOW64'
    'SystemRoot' => 'C:\\Windows'
    'COMSPEC' => 'C:\\Windows\\system32\\cmd.exe'
    'PATHEXT' => '.COM;.EXE;.BAT;.CMD;.VBS;.VBE;.JS;.JSE;.WSF;.WSH;.MSC'
    'WINDIR' => 'C:\\Windows'
    'SERVER_SIGNATURE' => ''
    'SERVER_SOFTWARE' => 'Apache'
    'SERVER_NAME' => 'bank-klient'
    'SERVER_ADDR' => '127.0.0.1'
    'SERVER_PORT' => '80'
    'REMOTE_ADDR' => '127.0.0.1'
    'DOCUMENT_ROOT' => 'E:/OSPanel/domains/localhost/bank-klient/basic'
    'REQUEST_SCHEME' => 'http'
    'CONTEXT_PREFIX' => ''
    'CONTEXT_DOCUMENT_ROOT' => 'E:/OSPanel/domains/localhost/bank-klient/basic'
    'SERVER_ADMIN' => '[no address given]'
    'SCRIPT_FILENAME' => 'E:/OSPanel/domains/localhost/bank-klient/basic/index.php'
    'REMOTE_PORT' => '49336'
    'GATEWAY_INTERFACE' => 'CGI/1.1'
    'SERVER_PROTOCOL' => 'HTTP/1.1'
    'REQUEST_METHOD' => 'GET'
    'QUERY_STRING' => ''
    'REQUEST_URI' => '/'
    'SCRIPT_NAME' => '/index.php'
    'PHP_SELF' => '/index.php'
    'REQUEST_TIME_FLOAT' => 1591267759.107
    'REQUEST_TIME' => 1591267759
    'argv' => []
    'argc' => 0
]
2020-06-04 13:51:07 [127.0.0.1][1][pbf6kik5942fmdque0gfh39ieemmdb9u][error][yii\base\ErrorException:2] yii\base\ErrorException: Use of undefined constant dataProvider - assumed 'dataProvider' (this will throw an Error in a future version of PHP) in E:\OSPanel\domains\localhost\bank-klient\basic\_protected\views\site\index.php:23
Stack trace:
#0 E:\OSPanel\domains\localhost\bank-klient\basic\_protected\views\site\index.php(23): yii\base\ErrorHandler->handleError(2, 'Use of undefine...', 'E:\\OSPanel\\doma...', 23, Array)
#1 E:\OSPanel\domains\localhost\bank-klient\basic\_protected\vendor\yiisoft\yii2\base\View.php(348): require('E:\\OSPanel\\doma...')
#2 E:\OSPanel\domains\localhost\bank-klient\basic\_protected\vendor\yiisoft\yii2\base\View.php(257): yii\base\View->renderPhpFile('E:\\OSPanel\\doma...', Array)
#3 E:\OSPanel\domains\localhost\bank-klient\basic\_protected\vendor\yiisoft\yii2\base\View.php(156): yii\base\View->renderFile('E:\\OSPanel\\doma...', Array, Object(app\controllers\SiteController))
#4 E:\OSPanel\domains\localhost\bank-klient\basic\_protected\vendor\yiisoft\yii2\base\Controller.php(386): yii\base\View->render('index', Array, Object(app\controllers\SiteController))
#5 E:\OSPanel\domains\localhost\bank-klient\basic\_protected\controllers\SiteController.php(102): yii\base\Controller->render('index', Array)
#6 [internal function]: app\controllers\SiteController->actionIndex()
#7 E:\OSPanel\domains\localhost\bank-klient\basic\_protected\vendor\yiisoft\yii2\base\InlineAction.php(57): call_user_func_array(Array, Array)
#8 E:\OSPanel\domains\localhost\bank-klient\basic\_protected\vendor\yiisoft\yii2\base\Controller.php(157): yii\base\InlineAction->runWithParams(Array)
#9 E:\OSPanel\domains\localhost\bank-klient\basic\_protected\vendor\yiisoft\yii2\base\Module.php(528): yii\base\Controller->runAction('', Array)
#10 E:\OSPanel\domains\localhost\bank-klient\basic\_protected\vendor\yiisoft\yii2\web\Application.php(103): yii\base\Module->runAction('', Array)
#11 E:\OSPanel\domains\localhost\bank-klient\basic\_protected\vendor\yiisoft\yii2\base\Application.php(386): yii\web\Application->handleRequest(Object(yii\web\Request))
#12 E:\OSPanel\domains\localhost\bank-klient\basic\index.php(12): yii\base\Application->run()
#13 {main}
2020-06-04 13:51:07 [127.0.0.1][1][pbf6kik5942fmdque0gfh39ieemmdb9u][info][application] $_GET = []

$_POST = []

$_FILES = []

$_COOKIE = [
    'PHPSESSID' => 'pbf6kik5942fmdque0gfh39ieemmdb9u'
    '_csrf' => 'f412798c13e7447237468010b99fc791cfaad6504db8716c44e713a48df5e50ea:2:{i:0;s:5:\"_csrf\";i:1;s:32:\"WOGC2vuPtXIw7W1uB1GALT9lpbPLVVag\";}'
]

$_SESSION = [
    '__flash' => []
    '__captcha/site/captcha' => 'moyjyim'
    '__captcha/site/captchacount' => 1
    '__id' => 1
]

$_SERVER = [
    'HTTP_HOST' => 'bank-klient'
    'HTTP_CONNECTION' => 'keep-alive'
    'HTTP_CACHE_CONTROL' => 'max-age=0'
    'HTTP_UPGRADE_INSECURE_REQUESTS' => '1'
    'HTTP_USER_AGENT' => 'Mozilla/5.0 (Windows NT 10.0; Win64; x64) AppleWebKit/537.36 (KHTML, like Gecko) Chrome/83.0.4103.97 Safari/537.36'
    'HTTP_ACCEPT' => 'text/html,application/xhtml+xml,application/xml;q=0.9,image/webp,image/apng,*/*;q=0.8,application/signed-exchange;v=b3;q=0.9'
    'HTTP_ACCEPT_ENCODING' => 'gzip, deflate'
    'HTTP_ACCEPT_LANGUAGE' => 'ru-RU,ru;q=0.9,en-US;q=0.8,en;q=0.7'
    'HTTP_COOKIE' => 'PHPSESSID=pbf6kik5942fmdque0gfh39ieemmdb9u; _csrf=f412798c13e7447237468010b99fc791cfaad6504db8716c44e713a48df5e50ea%3A2%3A%7Bi%3A0%3Bs%3A5%3A%22_csrf%22%3Bi%3A1%3Bs%3A32%3A%22WOGC2vuPtXIw7W1uB1GALT9lpbPLVVag%22%3B%7D'
    'PATH' => 'e:\\ospanel\\modules\\php\\PHP_7.2-x64\\ext;e:\\ospanel\\modules\\php\\PHP_7.2-x64\\pear;e:\\ospanel\\modules\\php\\PHP_7.2-x64\\pear\\bin;e:\\ospanel\\modules\\php\\PHP_7.2-x64;e:\\ospanel\\modules\\wget\\bin;e:\\ospanel\\modules\\database\\MariaDB-10.3-x64\\bin;e:\\ospanel\\modules\\http\\Apache_2.4-PHP_7.2-7.3-x64\\bin;e:\\ospanel\\modules\\http\\Apache_2.4-PHP_7.2-7.3-x64;C:\\Windows\\system32;C:\\Windows;C:\\Windows\\system32\\Wbem;C:\\Windows\\SysWOW64'
    'SystemRoot' => 'C:\\Windows'
    'COMSPEC' => 'C:\\Windows\\system32\\cmd.exe'
    'PATHEXT' => '.COM;.EXE;.BAT;.CMD;.VBS;.VBE;.JS;.JSE;.WSF;.WSH;.MSC'
    'WINDIR' => 'C:\\Windows'
    'SERVER_SIGNATURE' => ''
    'SERVER_SOFTWARE' => 'Apache'
    'SERVER_NAME' => 'bank-klient'
    'SERVER_ADDR' => '127.0.0.1'
    'SERVER_PORT' => '80'
    'REMOTE_ADDR' => '127.0.0.1'
    'DOCUMENT_ROOT' => 'E:/OSPanel/domains/localhost/bank-klient/basic'
    'REQUEST_SCHEME' => 'http'
    'CONTEXT_PREFIX' => ''
    'CONTEXT_DOCUMENT_ROOT' => 'E:/OSPanel/domains/localhost/bank-klient/basic'
    'SERVER_ADMIN' => '[no address given]'
    'SCRIPT_FILENAME' => 'E:/OSPanel/domains/localhost/bank-klient/basic/index.php'
    'REMOTE_PORT' => '49342'
    'GATEWAY_INTERFACE' => 'CGI/1.1'
    'SERVER_PROTOCOL' => 'HTTP/1.1'
    'REQUEST_METHOD' => 'GET'
    'QUERY_STRING' => ''
    'REQUEST_URI' => '/'
    'SCRIPT_NAME' => '/index.php'
    'PHP_SELF' => '/index.php'
    'REQUEST_TIME_FLOAT' => 1591267867.451
    'REQUEST_TIME' => 1591267867
    'argv' => []
    'argc' => 0
]
2020-06-04 13:54:55 [127.0.0.1][1][pbf6kik5942fmdque0gfh39ieemmdb9u][error][yii\base\UnknownPropertyException] yii\base\UnknownPropertyException: Getting unknown property: app\controllers\SiteController::_pageSize in E:\OSPanel\domains\localhost\bank-klient\basic\_protected\vendor\yiisoft\yii2\base\Component.php:154
Stack trace:
#0 E:\OSPanel\domains\localhost\bank-klient\basic\_protected\controllers\SiteController.php(95): yii\base\Component->__get('_pageSize')
#1 [internal function]: app\controllers\SiteController->actionIndex()
#2 E:\OSPanel\domains\localhost\bank-klient\basic\_protected\vendor\yiisoft\yii2\base\InlineAction.php(57): call_user_func_array(Array, Array)
#3 E:\OSPanel\domains\localhost\bank-klient\basic\_protected\vendor\yiisoft\yii2\base\Controller.php(157): yii\base\InlineAction->runWithParams(Array)
#4 E:\OSPanel\domains\localhost\bank-klient\basic\_protected\vendor\yiisoft\yii2\base\Module.php(528): yii\base\Controller->runAction('', Array)
#5 E:\OSPanel\domains\localhost\bank-klient\basic\_protected\vendor\yiisoft\yii2\web\Application.php(103): yii\base\Module->runAction('', Array)
#6 E:\OSPanel\domains\localhost\bank-klient\basic\_protected\vendor\yiisoft\yii2\base\Application.php(386): yii\web\Application->handleRequest(Object(yii\web\Request))
#7 E:\OSPanel\domains\localhost\bank-klient\basic\index.php(12): yii\base\Application->run()
#8 {main}
2020-06-04 13:54:54 [127.0.0.1][1][pbf6kik5942fmdque0gfh39ieemmdb9u][info][application] $_GET = []

$_POST = []

$_FILES = []

$_COOKIE = [
    'PHPSESSID' => 'pbf6kik5942fmdque0gfh39ieemmdb9u'
    '_csrf' => 'f412798c13e7447237468010b99fc791cfaad6504db8716c44e713a48df5e50ea:2:{i:0;s:5:\"_csrf\";i:1;s:32:\"WOGC2vuPtXIw7W1uB1GALT9lpbPLVVag\";}'
]

$_SESSION = [
    '__flash' => []
    '__captcha/site/captcha' => 'moyjyim'
    '__captcha/site/captchacount' => 1
    '__id' => 1
]

$_SERVER = [
    'HTTP_HOST' => 'bank-klient'
    'HTTP_CONNECTION' => 'keep-alive'
    'HTTP_CACHE_CONTROL' => 'max-age=0'
    'HTTP_UPGRADE_INSECURE_REQUESTS' => '1'
    'HTTP_USER_AGENT' => 'Mozilla/5.0 (Windows NT 10.0; Win64; x64) AppleWebKit/537.36 (KHTML, like Gecko) Chrome/83.0.4103.97 Safari/537.36'
    'HTTP_ACCEPT' => 'text/html,application/xhtml+xml,application/xml;q=0.9,image/webp,image/apng,*/*;q=0.8,application/signed-exchange;v=b3;q=0.9'
    'HTTP_ACCEPT_ENCODING' => 'gzip, deflate'
    'HTTP_ACCEPT_LANGUAGE' => 'ru-RU,ru;q=0.9,en-US;q=0.8,en;q=0.7'
    'HTTP_COOKIE' => 'PHPSESSID=pbf6kik5942fmdque0gfh39ieemmdb9u; _csrf=f412798c13e7447237468010b99fc791cfaad6504db8716c44e713a48df5e50ea%3A2%3A%7Bi%3A0%3Bs%3A5%3A%22_csrf%22%3Bi%3A1%3Bs%3A32%3A%22WOGC2vuPtXIw7W1uB1GALT9lpbPLVVag%22%3B%7D'
    'PATH' => 'e:\\ospanel\\modules\\php\\PHP_7.2-x64\\ext;e:\\ospanel\\modules\\php\\PHP_7.2-x64\\pear;e:\\ospanel\\modules\\php\\PHP_7.2-x64\\pear\\bin;e:\\ospanel\\modules\\php\\PHP_7.2-x64;e:\\ospanel\\modules\\wget\\bin;e:\\ospanel\\modules\\database\\MariaDB-10.3-x64\\bin;e:\\ospanel\\modules\\http\\Apache_2.4-PHP_7.2-7.3-x64\\bin;e:\\ospanel\\modules\\http\\Apache_2.4-PHP_7.2-7.3-x64;C:\\Windows\\system32;C:\\Windows;C:\\Windows\\system32\\Wbem;C:\\Windows\\SysWOW64'
    'SystemRoot' => 'C:\\Windows'
    'COMSPEC' => 'C:\\Windows\\system32\\cmd.exe'
    'PATHEXT' => '.COM;.EXE;.BAT;.CMD;.VBS;.VBE;.JS;.JSE;.WSF;.WSH;.MSC'
    'WINDIR' => 'C:\\Windows'
    'SERVER_SIGNATURE' => ''
    'SERVER_SOFTWARE' => 'Apache'
    'SERVER_NAME' => 'bank-klient'
    'SERVER_ADDR' => '127.0.0.1'
    'SERVER_PORT' => '80'
    'REMOTE_ADDR' => '127.0.0.1'
    'DOCUMENT_ROOT' => 'E:/OSPanel/domains/localhost/bank-klient/basic'
    'REQUEST_SCHEME' => 'http'
    'CONTEXT_PREFIX' => ''
    'CONTEXT_DOCUMENT_ROOT' => 'E:/OSPanel/domains/localhost/bank-klient/basic'
    'SERVER_ADMIN' => '[no address given]'
    'SCRIPT_FILENAME' => 'E:/OSPanel/domains/localhost/bank-klient/basic/index.php'
    'REMOTE_PORT' => '49429'
    'GATEWAY_INTERFACE' => 'CGI/1.1'
    'SERVER_PROTOCOL' => 'HTTP/1.1'
    'REQUEST_METHOD' => 'GET'
    'QUERY_STRING' => ''
    'REQUEST_URI' => '/'
    'SCRIPT_NAME' => '/index.php'
    'PHP_SELF' => '/index.php'
    'REQUEST_TIME_FLOAT' => 1591268094.706
    'REQUEST_TIME' => 1591268094
    'argv' => []
    'argc' => 0
]
2020-06-04 14:39:20 [127.0.0.1][-][rpv3scacmnaruvpr49gct8mdq3olvf7f][error][Error] Error: Class 'app\controllers\Bank' not found in G:\OSPanel\domains\Bank-klient\basic\_protected\controllers\SiteController.php:90
Stack trace:
#0 [internal function]: app\controllers\SiteController->actionIndex()
#1 G:\OSPanel\domains\Bank-klient\basic\_protected\vendor\yiisoft\yii2\base\InlineAction.php(57): call_user_func_array(Array, Array)
#2 G:\OSPanel\domains\Bank-klient\basic\_protected\vendor\yiisoft\yii2\base\Controller.php(157): yii\base\InlineAction->runWithParams(Array)
#3 G:\OSPanel\domains\Bank-klient\basic\_protected\vendor\yiisoft\yii2\base\Module.php(528): yii\base\Controller->runAction('', Array)
#4 G:\OSPanel\domains\Bank-klient\basic\_protected\vendor\yiisoft\yii2\web\Application.php(103): yii\base\Module->runAction('', Array)
#5 G:\OSPanel\domains\Bank-klient\basic\_protected\vendor\yiisoft\yii2\base\Application.php(386): yii\web\Application->handleRequest(Object(yii\web\Request))
#6 G:\OSPanel\domains\Bank-klient\basic\index.php(12): yii\base\Application->run()
#7 {main}
2020-06-04 14:39:20 [127.0.0.1][-][rpv3scacmnaruvpr49gct8mdq3olvf7f][info][application] $_GET = []

$_POST = []

$_FILES = []

$_COOKIE = [
    'PHPSESSID' => 'rpv3scacmnaruvpr49gct8mdq3olvf7f'
    '_csrf' => 'f0829fd39ba576928aadb0acb0023981e314a338935546fea9eea9ace6422b88a:2:{i:0;s:5:\"_csrf\";i:1;s:32:\"MOaTuhcOgUqC8UMqop8aAUciWjRVq09r\";}'
]

$_SESSION = [
    '__flash' => []
]

$_SERVER = [
    'HTTP_HOST' => 'bankklient.loc'
    'HTTP_CONNECTION' => 'keep-alive'
    'HTTP_CACHE_CONTROL' => 'max-age=0'
    'HTTP_UPGRADE_INSECURE_REQUESTS' => '1'
    'HTTP_USER_AGENT' => 'Mozilla/5.0 (Windows NT 10.0; Win64; x64) AppleWebKit/537.36 (KHTML, like Gecko) Chrome/83.0.4103.61 Safari/537.36'
    'HTTP_ACCEPT' => 'text/html,application/xhtml+xml,application/xml;q=0.9,image/webp,image/apng,*/*;q=0.8,application/signed-exchange;v=b3;q=0.9'
    'HTTP_ACCEPT_ENCODING' => 'gzip, deflate'
    'HTTP_ACCEPT_LANGUAGE' => 'ru-RU,ru;q=0.9,en-US;q=0.8,en;q=0.7,la;q=0.6'
    'HTTP_COOKIE' => 'PHPSESSID=rpv3scacmnaruvpr49gct8mdq3olvf7f; _csrf=f0829fd39ba576928aadb0acb0023981e314a338935546fea9eea9ace6422b88a%3A2%3A%7Bi%3A0%3Bs%3A5%3A%22_csrf%22%3Bi%3A1%3Bs%3A32%3A%22MOaTuhcOgUqC8UMqop8aAUciWjRVq09r%22%3B%7D'
    'PATH' => 'g:\\ospanel\\modules\\php\\PHP_7.2-x64\\ext;g:\\ospanel\\modules\\php\\PHP_7.2-x64\\pear;g:\\ospanel\\modules\\php\\PHP_7.2-x64\\pear\\bin;g:\\ospanel\\modules\\php\\PHP_7.2-x64;g:\\ospanel\\modules\\wget\\bin;g:\\ospanel\\modules\\database\\MariaDB-10.3-x64\\bin;g:\\ospanel\\modules\\http\\Apache_2.4-PHP_7.2-7.3-x64\\bin;g:\\ospanel\\modules\\http\\Apache_2.4-PHP_7.2-7.3-x64;C:\\Windows\\system32;C:\\Windows;C:\\Windows\\system32\\Wbem;C:\\Windows\\SysWOW64'
    'SystemRoot' => 'C:\\Windows'
    'COMSPEC' => 'C:\\Windows\\system32\\cmd.exe'
    'PATHEXT' => '.COM;.EXE;.BAT;.CMD;.VBS;.VBE;.JS;.JSE;.WSF;.WSH;.MSC'
    'WINDIR' => 'C:\\Windows'
    'SERVER_SIGNATURE' => ''
    'SERVER_SOFTWARE' => 'Apache'
    'SERVER_NAME' => 'bankklient.loc'
    'SERVER_ADDR' => '127.0.0.1'
    'SERVER_PORT' => '80'
    'REMOTE_ADDR' => '127.0.0.1'
    'DOCUMENT_ROOT' => 'G:/OSPanel/domains/Bank-klient/basic'
    'REQUEST_SCHEME' => 'http'
    'CONTEXT_PREFIX' => ''
    'CONTEXT_DOCUMENT_ROOT' => 'G:/OSPanel/domains/Bank-klient/basic'
    'SERVER_ADMIN' => '[no address given]'
    'SCRIPT_FILENAME' => 'G:/OSPanel/domains/Bank-klient/basic/index.php'
    'REMOTE_PORT' => '58713'
    'GATEWAY_INTERFACE' => 'CGI/1.1'
    'SERVER_PROTOCOL' => 'HTTP/1.1'
    'REQUEST_METHOD' => 'GET'
    'QUERY_STRING' => ''
    'REQUEST_URI' => '/'
    'SCRIPT_NAME' => '/index.php'
    'PHP_SELF' => '/index.php'
    'REQUEST_TIME_FLOAT' => 1591270760.783
    'REQUEST_TIME' => 1591270760
    'argv' => []
    'argc' => 0
]
2020-06-04 15:34:13 [-][-][-][error][yii\console\UnknownCommandException] yii\base\InvalidRouteException: Unable to resolve the request "migrate\". in G:\OSPanel\domains\Bank-klient\basic\_protected\vendor\yiisoft\yii2\base\Module.php:537
Stack trace:
#0 G:\OSPanel\domains\Bank-klient\basic\_protected\vendor\yiisoft\yii2\console\Application.php(180): yii\base\Module->runAction('migrate\\', Array)
#1 G:\OSPanel\domains\Bank-klient\basic\_protected\vendor\yiisoft\yii2\console\Application.php(147): yii\console\Application->runAction('migrate\\', Array)
#2 G:\OSPanel\domains\Bank-klient\basic\_protected\vendor\yiisoft\yii2\base\Application.php(386): yii\console\Application->handleRequest(Object(yii\console\Request))
#3 G:\OSPanel\domains\Bank-klient\basic\_protected\yii(20): yii\base\Application->run()
#4 {main}

Next yii\console\UnknownCommandException: Unknown command "migrate\". in G:\OSPanel\domains\Bank-klient\basic\_protected\vendor\yiisoft\yii2\console\Application.php:183
Stack trace:
#0 G:\OSPanel\domains\Bank-klient\basic\_protected\vendor\yiisoft\yii2\console\Application.php(147): yii\console\Application->runAction('migrate\\', Array)
#1 G:\OSPanel\domains\Bank-klient\basic\_protected\vendor\yiisoft\yii2\base\Application.php(386): yii\console\Application->handleRequest(Object(yii\console\Request))
#2 G:\OSPanel\domains\Bank-klient\basic\_protected\yii(20): yii\base\Application->run()
#3 {main}
2020-06-04 15:34:13 [-][-][-][info][application] $_GET = []

$_POST = []

$_FILES = []

$_COOKIE = []

$_SERVER = [
    'ALLUSERSPROFILE' => 'C:\\ProgramData'
    'APPDATA' => 'C:\\Users\\sd6566\\AppData\\Roaming'
    'COMMANDER_DRIVE' => 'C:'
    'COMMANDER_EXE' => 'C:\\Program Files (x86)\\Total Commander\\TOTALCMD64.EXE'
    'COMMANDER_INI' => 'C:\\Program Files (x86)\\Total Commander\\wincmd.ini'
    'COMMANDER_INSTANCE' => '1'
    'COMMANDER_PATH' => 'C:\\Program Files (x86)\\Total Commander'
    'CommonProgramFiles' => 'C:\\Program Files\\Common Files'
    'CommonProgramFiles(x86)' => 'C:\\Program Files (x86)\\Common Files'
    'CommonProgramW6432' => 'C:\\Program Files\\Common Files'
    'COMPUTERNAME' => 'SD6566I1468'
    'ComSpec' => 'C:\\Windows\\system32\\cmd.exe'
    'FPS_BROWSER_APP_PROFILE_STRING' => 'Internet Explorer'
    'FPS_BROWSER_USER_PROFILE_STRING' => 'Default'
    'HOMEDRIVE' => 'C:'
    'HOMEPATH' => '\\Users\\sd6566'
    'LOCALAPPDATA' => 'C:\\Users\\sd6566\\AppData\\Local'
    'LOGONSERVER' => '\\\\DC03'
    'NUMBER_OF_PROCESSORS' => '2'
    'OneDrive' => 'C:\\Users\\sd6566\\OneDrive'
    'OS' => 'Windows_NT'
    'Path' => 'C:\\Windows\\system32;C:\\Windows;C:\\Windows\\System32\\Wbem;C:\\Windows\\System32\\WindowsPowerShell\\v1.0\\;C:\\Program Files\\Git\\cmd;C:\\composer;C:\\Users\\sd6566\\AppData\\Local\\Microsoft\\WindowsApps;C:\\Users\\sd6566\\AppData\\Local\\GitHubDesktop\\bin;G:\\OSPanel\\modules\\php\\PHP_7.2-x64;C:\\Users\\sd6566\\AppData\\Roaming\\Composer\\vendor\\bin'
    'PATHEXT' => '.COM;.EXE;.BAT;.CMD;.VBS;.VBE;.JS;.JSE;.WSF;.WSH;.MSC'
    'PROCESSOR_ARCHITECTURE' => 'AMD64'
    'PROCESSOR_IDENTIFIER' => 'Intel64 Family 6 Model 23 Stepping 10, GenuineIntel'
    'PROCESSOR_LEVEL' => '6'
    'PROCESSOR_REVISION' => '170a'
    'ProgramData' => 'C:\\ProgramData'
    'ProgramFiles' => 'C:\\Program Files'
    'ProgramFiles(x86)' => 'C:\\Program Files (x86)'
    'ProgramW6432' => 'C:\\Program Files'
    'PROMPT' => '$P$G'
    'PSModulePath' => 'C:\\Program Files\\WindowsPowerShell\\Modules;C:\\Windows\\system32\\WindowsPowerShell\\v1.0\\Modules'
    'PUBLIC' => 'C:\\Users\\Public'
    'SESSIONNAME' => 'Console'
    'SystemDrive' => 'C:'
    'SystemRoot' => 'C:\\Windows'
    'TEMP' => 'C:\\Users\\sd6566\\AppData\\Local\\Temp'
    'TMP' => 'C:\\Users\\sd6566\\AppData\\Local\\Temp'
    'USERDNSDOMAIN' => 'AND.AD.UZAUTOMOTORS.COM'
    'USERDOMAIN' => 'AND'
    'USERDOMAIN_ROAMINGPROFILE' => 'AND'
    'USERNAME' => 'SD6566'
    'USERPROFILE' => 'C:\\Users\\sd6566'
    'windir' => 'C:\\Windows'
    'PHP_SELF' => 'yii'
    'SCRIPT_NAME' => 'yii'
    'SCRIPT_FILENAME' => 'yii'
    'PATH_TRANSLATED' => 'yii'
    'DOCUMENT_ROOT' => ''
    'REQUEST_TIME_FLOAT' => 1591274053.1053
    'REQUEST_TIME' => 1591274053
    'argv' => [
        0 => 'yii'
        1 => 'migrate\\'
    ]
    'argc' => 2
]
2020-06-04 15:53:01 [-][-][-][error][yii\base\InvalidConfigException] ReflectionException: Class m200604_123519_hrsasasa does not exist in G:\OSPanel\domains\Bank-klient\basic\_protected\vendor\yiisoft\yii2\di\Container.php:447
Stack trace:
#0 G:\OSPanel\domains\Bank-klient\basic\_protected\vendor\yiisoft\yii2\di\Container.php(447): ReflectionClass->__construct('m200604_123519_...')
#1 G:\OSPanel\domains\Bank-klient\basic\_protected\vendor\yiisoft\yii2\di\Container.php(374): yii\di\Container->getDependencies('m200604_123519_...')
#2 G:\OSPanel\domains\Bank-klient\basic\_protected\vendor\yiisoft\yii2\di\Container.php(159): yii\di\Container->build('m200604_123519_...', Array, Array)
#3 G:\OSPanel\domains\Bank-klient\basic\_protected\vendor\yiisoft\yii2\BaseYii.php(365): yii\di\Container->get('m200604_123519_...', Array, Array)
#4 G:\OSPanel\domains\Bank-klient\basic\_protected\vendor\yiisoft\yii2\console\controllers\MigrateController.php(202): yii\BaseYii::createObject(Array)
#5 G:\OSPanel\domains\Bank-klient\basic\_protected\vendor\yiisoft\yii2\console\controllers\BaseMigrateController.php(724): yii\console\controllers\MigrateController->createMigration('m200604_123519_...')
#6 G:\OSPanel\domains\Bank-klient\basic\_protected\vendor\yiisoft\yii2\console\controllers\BaseMigrateController.php(200): yii\console\controllers\BaseMigrateController->migrateUp('m200604_123519_...')
#7 [internal function]: yii\console\controllers\BaseMigrateController->actionUp(0)
#8 G:\OSPanel\domains\Bank-klient\basic\_protected\vendor\yiisoft\yii2\base\InlineAction.php(57): call_user_func_array(Array, Array)
#9 G:\OSPanel\domains\Bank-klient\basic\_protected\vendor\yiisoft\yii2\base\Controller.php(157): yii\base\InlineAction->runWithParams(Array)
#10 G:\OSPanel\domains\Bank-klient\basic\_protected\vendor\yiisoft\yii2\console\Controller.php(164): yii\base\Controller->runAction('', Array)
#11 G:\OSPanel\domains\Bank-klient\basic\_protected\vendor\yiisoft\yii2\base\Module.php(528): yii\console\Controller->runAction('', Array)
#12 G:\OSPanel\domains\Bank-klient\basic\_protected\vendor\yiisoft\yii2\console\Application.php(180): yii\base\Module->runAction('migrate', Array)
#13 G:\OSPanel\domains\Bank-klient\basic\_protected\vendor\yiisoft\yii2\console\Application.php(147): yii\console\Application->runAction('migrate', Array)
#14 G:\OSPanel\domains\Bank-klient\basic\_protected\vendor\yiisoft\yii2\base\Application.php(386): yii\console\Application->handleRequest(Object(yii\console\Request))
#15 G:\OSPanel\domains\Bank-klient\basic\_protected\yii(20): yii\base\Application->run()
#16 {main}

Next yii\base\InvalidConfigException: Failed to instantiate component or class "m200604_123519_hrsasasa". in G:\OSPanel\domains\Bank-klient\basic\_protected\vendor\yiisoft\yii2\di\Container.php:449
Stack trace:
#0 G:\OSPanel\domains\Bank-klient\basic\_protected\vendor\yiisoft\yii2\di\Container.php(374): yii\di\Container->getDependencies('m200604_123519_...')
#1 G:\OSPanel\domains\Bank-klient\basic\_protected\vendor\yiisoft\yii2\di\Container.php(159): yii\di\Container->build('m200604_123519_...', Array, Array)
#2 G:\OSPanel\domains\Bank-klient\basic\_protected\vendor\yiisoft\yii2\BaseYii.php(365): yii\di\Container->get('m200604_123519_...', Array, Array)
#3 G:\OSPanel\domains\Bank-klient\basic\_protected\vendor\yiisoft\yii2\console\controllers\MigrateController.php(202): yii\BaseYii::createObject(Array)
#4 G:\OSPanel\domains\Bank-klient\basic\_protected\vendor\yiisoft\yii2\console\controllers\BaseMigrateController.php(724): yii\console\controllers\MigrateController->createMigration('m200604_123519_...')
#5 G:\OSPanel\domains\Bank-klient\basic\_protected\vendor\yiisoft\yii2\console\controllers\BaseMigrateController.php(200): yii\console\controllers\BaseMigrateController->migrateUp('m200604_123519_...')
#6 [internal function]: yii\console\controllers\BaseMigrateController->actionUp(0)
#7 G:\OSPanel\domains\Bank-klient\basic\_protected\vendor\yiisoft\yii2\base\InlineAction.php(57): call_user_func_array(Array, Array)
#8 G:\OSPanel\domains\Bank-klient\basic\_protected\vendor\yiisoft\yii2\base\Controller.php(157): yii\base\InlineAction->runWithParams(Array)
#9 G:\OSPanel\domains\Bank-klient\basic\_protected\vendor\yiisoft\yii2\console\Controller.php(164): yii\base\Controller->runAction('', Array)
#10 G:\OSPanel\domains\Bank-klient\basic\_protected\vendor\yiisoft\yii2\base\Module.php(528): yii\console\Controller->runAction('', Array)
#11 G:\OSPanel\domains\Bank-klient\basic\_protected\vendor\yiisoft\yii2\console\Application.php(180): yii\base\Module->runAction('migrate', Array)
#12 G:\OSPanel\domains\Bank-klient\basic\_protected\vendor\yiisoft\yii2\console\Application.php(147): yii\console\Application->runAction('migrate', Array)
#13 G:\OSPanel\domains\Bank-klient\basic\_protected\vendor\yiisoft\yii2\base\Application.php(386): yii\console\Application->handleRequest(Object(yii\console\Request))
#14 G:\OSPanel\domains\Bank-klient\basic\_protected\yii(20): yii\base\Application->run()
#15 {main}
2020-06-04 15:52:59 [-][-][-][info][application] $_GET = []

$_POST = []

$_FILES = []

$_COOKIE = []

$_SERVER = [
    'ALLUSERSPROFILE' => 'C:\\ProgramData'
    'APPDATA' => 'C:\\Users\\sd6566\\AppData\\Roaming'
    'COMMANDER_DRIVE' => 'C:'
    'COMMANDER_EXE' => 'C:\\Program Files (x86)\\Total Commander\\TOTALCMD64.EXE'
    'COMMANDER_INI' => 'C:\\Program Files (x86)\\Total Commander\\wincmd.ini'
    'COMMANDER_INSTANCE' => '1'
    'COMMANDER_PATH' => 'C:\\Program Files (x86)\\Total Commander'
    'CommonProgramFiles' => 'C:\\Program Files\\Common Files'
    'CommonProgramFiles(x86)' => 'C:\\Program Files (x86)\\Common Files'
    'CommonProgramW6432' => 'C:\\Program Files\\Common Files'
    'COMPUTERNAME' => 'SD6566I1468'
    'ComSpec' => 'C:\\Windows\\system32\\cmd.exe'
    'FPS_BROWSER_APP_PROFILE_STRING' => 'Internet Explorer'
    'FPS_BROWSER_USER_PROFILE_STRING' => 'Default'
    'HOMEDRIVE' => 'C:'
    'HOMEPATH' => '\\Users\\sd6566'
    'LOCALAPPDATA' => 'C:\\Users\\sd6566\\AppData\\Local'
    'LOGONSERVER' => '\\\\DC03'
    'NUMBER_OF_PROCESSORS' => '2'
    'OneDrive' => 'C:\\Users\\sd6566\\OneDrive'
    'OS' => 'Windows_NT'
    'Path' => 'C:\\Windows\\system32;C:\\Windows;C:\\Windows\\System32\\Wbem;C:\\Windows\\System32\\WindowsPowerShell\\v1.0\\;C:\\Program Files\\Git\\cmd;C:\\composer;C:\\Users\\sd6566\\AppData\\Local\\Microsoft\\WindowsApps;C:\\Users\\sd6566\\AppData\\Local\\GitHubDesktop\\bin;G:\\OSPanel\\modules\\php\\PHP_7.2-x64;C:\\Users\\sd6566\\AppData\\Roaming\\Composer\\vendor\\bin'
    'PATHEXT' => '.COM;.EXE;.BAT;.CMD;.VBS;.VBE;.JS;.JSE;.WSF;.WSH;.MSC'
    'PROCESSOR_ARCHITECTURE' => 'AMD64'
    'PROCESSOR_IDENTIFIER' => 'Intel64 Family 6 Model 23 Stepping 10, GenuineIntel'
    'PROCESSOR_LEVEL' => '6'
    'PROCESSOR_REVISION' => '170a'
    'ProgramData' => 'C:\\ProgramData'
    'ProgramFiles' => 'C:\\Program Files'
    'ProgramFiles(x86)' => 'C:\\Program Files (x86)'
    'ProgramW6432' => 'C:\\Program Files'
    'PROMPT' => '$P$G'
    'PSModulePath' => 'C:\\Program Files\\WindowsPowerShell\\Modules;C:\\Windows\\system32\\WindowsPowerShell\\v1.0\\Modules'
    'PUBLIC' => 'C:\\Users\\Public'
    'SESSIONNAME' => 'Console'
    'SystemDrive' => 'C:'
    'SystemRoot' => 'C:\\Windows'
    'TEMP' => 'C:\\Users\\sd6566\\AppData\\Local\\Temp'
    'TMP' => 'C:\\Users\\sd6566\\AppData\\Local\\Temp'
    'USERDNSDOMAIN' => 'AND.AD.UZAUTOMOTORS.COM'
    'USERDOMAIN' => 'AND'
    'USERDOMAIN_ROAMINGPROFILE' => 'AND'
    'USERNAME' => 'SD6566'
    'USERPROFILE' => 'C:\\Users\\sd6566'
    'windir' => 'C:\\Windows'
    'PHP_SELF' => 'yii'
    'SCRIPT_NAME' => 'yii'
    'SCRIPT_FILENAME' => 'yii'
    'PATH_TRANSLATED' => 'yii'
    'DOCUMENT_ROOT' => ''
    'REQUEST_TIME_FLOAT' => 1591275179.3375
    'REQUEST_TIME' => 1591275179
    'argv' => [
        0 => 'yii'
        1 => 'migrate'
    ]
    'argc' => 2
]
2020-06-04 17:22:10 [-][-][-][error][ParseError] ParseError: syntax error, unexpected '}', expecting ',' or ')' in G:\OSPanel\domains\Bank-klient\basic\_protected\console\migrations\m200604_142135_contracts.php:34
Stack trace:
#0 G:\OSPanel\domains\Bank-klient\basic\_protected\vendor\yiisoft\yii2\console\controllers\MigrateController.php(197): yii\console\controllers\BaseMigrateController->includeMigrationFile('m200604_142135_...')
#1 G:\OSPanel\domains\Bank-klient\basic\_protected\vendor\yiisoft\yii2\console\controllers\BaseMigrateController.php(724): yii\console\controllers\MigrateController->createMigration('m200604_142135_...')
#2 G:\OSPanel\domains\Bank-klient\basic\_protected\vendor\yiisoft\yii2\console\controllers\BaseMigrateController.php(200): yii\console\controllers\BaseMigrateController->migrateUp('m200604_142135_...')
#3 [internal function]: yii\console\controllers\BaseMigrateController->actionUp(0)
#4 G:\OSPanel\domains\Bank-klient\basic\_protected\vendor\yiisoft\yii2\base\InlineAction.php(57): call_user_func_array(Array, Array)
#5 G:\OSPanel\domains\Bank-klient\basic\_protected\vendor\yiisoft\yii2\base\Controller.php(157): yii\base\InlineAction->runWithParams(Array)
#6 G:\OSPanel\domains\Bank-klient\basic\_protected\vendor\yiisoft\yii2\console\Controller.php(164): yii\base\Controller->runAction('', Array)
#7 G:\OSPanel\domains\Bank-klient\basic\_protected\vendor\yiisoft\yii2\base\Module.php(528): yii\console\Controller->runAction('', Array)
#8 G:\OSPanel\domains\Bank-klient\basic\_protected\vendor\yiisoft\yii2\console\Application.php(180): yii\base\Module->runAction('migrate', Array)
#9 G:\OSPanel\domains\Bank-klient\basic\_protected\vendor\yiisoft\yii2\console\Application.php(147): yii\console\Application->runAction('migrate', Array)
#10 G:\OSPanel\domains\Bank-klient\basic\_protected\vendor\yiisoft\yii2\base\Application.php(386): yii\console\Application->handleRequest(Object(yii\console\Request))
#11 G:\OSPanel\domains\Bank-klient\basic\_protected\yii(20): yii\base\Application->run()
#12 {main}
2020-06-04 17:22:08 [-][-][-][info][application] $_GET = []

$_POST = []

$_FILES = []

$_COOKIE = []

$_SERVER = [
    'ALLUSERSPROFILE' => 'C:\\ProgramData'
    'APPDATA' => 'C:\\Users\\sd6566\\AppData\\Roaming'
    'COMMANDER_DRIVE' => 'C:'
    'COMMANDER_EXE' => 'C:\\Program Files (x86)\\Total Commander\\TOTALCMD64.EXE'
    'COMMANDER_INI' => 'C:\\Program Files (x86)\\Total Commander\\wincmd.ini'
    'COMMANDER_INSTANCE' => '1'
    'COMMANDER_PATH' => 'C:\\Program Files (x86)\\Total Commander'
    'CommonProgramFiles' => 'C:\\Program Files\\Common Files'
    'CommonProgramFiles(x86)' => 'C:\\Program Files (x86)\\Common Files'
    'CommonProgramW6432' => 'C:\\Program Files\\Common Files'
    'COMPUTERNAME' => 'SD6566I1468'
    'ComSpec' => 'C:\\Windows\\system32\\cmd.exe'
    'FPS_BROWSER_APP_PROFILE_STRING' => 'Internet Explorer'
    'FPS_BROWSER_USER_PROFILE_STRING' => 'Default'
    'HOMEDRIVE' => 'C:'
    'HOMEPATH' => '\\Users\\sd6566'
    'LOCALAPPDATA' => 'C:\\Users\\sd6566\\AppData\\Local'
    'LOGONSERVER' => '\\\\DC03'
    'NUMBER_OF_PROCESSORS' => '2'
    'OneDrive' => 'C:\\Users\\sd6566\\OneDrive'
    'OS' => 'Windows_NT'
    'Path' => 'C:\\Windows\\system32;C:\\Windows;C:\\Windows\\System32\\Wbem;C:\\Windows\\System32\\WindowsPowerShell\\v1.0\\;C:\\Program Files\\Git\\cmd;C:\\composer;C:\\Users\\sd6566\\AppData\\Local\\Microsoft\\WindowsApps;C:\\Users\\sd6566\\AppData\\Local\\GitHubDesktop\\bin;G:\\OSPanel\\modules\\php\\PHP_7.2-x64;C:\\Users\\sd6566\\AppData\\Roaming\\Composer\\vendor\\bin'
    'PATHEXT' => '.COM;.EXE;.BAT;.CMD;.VBS;.VBE;.JS;.JSE;.WSF;.WSH;.MSC'
    'PROCESSOR_ARCHITECTURE' => 'AMD64'
    'PROCESSOR_IDENTIFIER' => 'Intel64 Family 6 Model 23 Stepping 10, GenuineIntel'
    'PROCESSOR_LEVEL' => '6'
    'PROCESSOR_REVISION' => '170a'
    'ProgramData' => 'C:\\ProgramData'
    'ProgramFiles' => 'C:\\Program Files'
    'ProgramFiles(x86)' => 'C:\\Program Files (x86)'
    'ProgramW6432' => 'C:\\Program Files'
    'PROMPT' => '$P$G'
    'PSModulePath' => 'C:\\Program Files\\WindowsPowerShell\\Modules;C:\\Windows\\system32\\WindowsPowerShell\\v1.0\\Modules'
    'PUBLIC' => 'C:\\Users\\Public'
    'SESSIONNAME' => 'Console'
    'SystemDrive' => 'C:'
    'SystemRoot' => 'C:\\Windows'
    'TEMP' => 'C:\\Users\\sd6566\\AppData\\Local\\Temp'
    'TMP' => 'C:\\Users\\sd6566\\AppData\\Local\\Temp'
    'USERDNSDOMAIN' => 'AND.AD.UZAUTOMOTORS.COM'
    'USERDOMAIN' => 'AND'
    'USERDOMAIN_ROAMINGPROFILE' => 'AND'
    'USERNAME' => 'SD6566'
    'USERPROFILE' => 'C:\\Users\\sd6566'
    'windir' => 'C:\\Windows'
    'PHP_SELF' => 'yii'
    'SCRIPT_NAME' => 'yii'
    'SCRIPT_FILENAME' => 'yii'
    'PATH_TRANSLATED' => 'yii'
    'DOCUMENT_ROOT' => ''
    'REQUEST_TIME_FLOAT' => 1591280528.3043
    'REQUEST_TIME' => 1591280528
    'argv' => [
        0 => 'yii'
        1 => 'migrate'
    ]
    'argc' => 2
]
